 [INFO ] 2016.12.28-18:00:03 [futu-py-conffi][@doc-pub-host] [29811] # -------------------------------------- 
 [INFO ] 2016.12.28-18:00:03 [futu-py-conffi][@doc-pub-host] [29811] # ----------------------- 
 [INFO ] 2016.12.28-18:00:03 [futu-py-conffi][@doc-pub-host] [29811] # === START MAIN === futu-py-conffi 
 [INFO ] 2016.12.28-18:00:03 [futu-py-conffi][@doc-pub-host] [29811] # ----------------------- 
 [INFO ] 2016.12.28-18:00:03 [futu-py-conffi][@doc-pub-host] [29811] # -------------------------------------- 
 [INFO ] 2016.12.28-18:00:03 [futu-py-conffi][@doc-pub-host] [29811] using the following vars: 
 [INFO ] 2016.12.28-18:00:03 [futu-py-conffi][@doc-pub-host] [29811] running action :: create-relative-package:doCreateRelativePackage 
 [INFO ] 2016.12.28-18:00:04 [futu-py-conffi][@doc-pub-host] [29811] created the following relative package: 
 [INFO ] 2016.12.28-18:00:04 [futu-py-conffi][@doc-pub-host] [29811] 2016-12-28 18:00:03.999447335 +0200 futu-py-conffi.0.1.3.git.20161228_180003.doc-pub-host.rel.zip 
 [INFO ] 2016.12.28-18:00:04 [futu-py-conffi][@doc-pub-host] [29811] with the following local backup : 
 [INFO ] 2016.12.28-18:00:04 [futu-py-conffi][@doc-pub-host] [29811] 2016-12-28 18:00:04.031447335 +0200 /opt/futu/futu-py-conffi/data/zip/futu-py-conffi.0.1.3.git.20161228_180003.doc-pub-host.rel.zip 
 [INFO ] 2016.12.28-18:00:04 [futu-py-conffi][@doc-pub-host] [29811] in the network dir @:: 
 [INFO ] 2016.12.28-18:00:04 [futu-py-conffi][@doc-pub-host] [29811] :: /vagrant/futu/futu-py-conffi/data/zip 
 [INFO ] 2016.12.28-18:00:04 [futu-py-conffi][@doc-pub-host] [29811] with the following network backup : 
 [INFO ] 2016.12.28-18:00:04 [futu-py-conffi][@doc-pub-host] [29811] 2016-12-28 18:00:04.110835900 +0200 /vagrant/futu/futu-py-conffi/data/zip/futu-py-conffi.0.1.3.git.20161228_180003.doc-pub-host.rel.zip 
 [INFO ] 2016.12.28-18:00:04 [futu-py-conffi][@doc-pub-host] [29811] 0 # = STOP MAIN = futu-py-conffi 
 [INFO ] 2016.12.29-14:10:52 [futu-py-conffi][@doc-pub-host] [32572] # -------------------------------------- 
 [INFO ] 2016.12.29-14:10:52 [futu-py-conffi][@doc-pub-host] [32572] # ----------------------- 
 [INFO ] 2016.12.29-14:10:52 [futu-py-conffi][@doc-pub-host] [32572] # === START MAIN === futu-py-conffi 
 [INFO ] 2016.12.29-14:10:52 [futu-py-conffi][@doc-pub-host] [32572] # ----------------------- 
 [INFO ] 2016.12.29-14:10:52 [futu-py-conffi][@doc-pub-host] [32572] # -------------------------------------- 
 [INFO ] 2016.12.29-14:10:52 [futu-py-conffi][@doc-pub-host] [32572] using the following vars: 
 [INFO ] 2016.12.29-14:10:52 [futu-py-conffi][@doc-pub-host] [32572] running action :: create-relative-package:doCreateRelativePackage 
 [INFO ] 2016.12.29-14:10:53 [futu-py-conffi][@doc-pub-host] [32572] created the following relative package: 
 [INFO ] 2016.12.29-14:10:53 [futu-py-conffi][@doc-pub-host] [32572] 2016-12-29 14:10:53.901970451 +0200 futu-py-conffi.0.1.4.git.20161229_141052.doc-pub-host.rel.zip 
 [INFO ] 2016.12.29-14:10:53 [futu-py-conffi][@doc-pub-host] [32572] with the following local backup : 
 [INFO ] 2016.12.29-14:10:53 [futu-py-conffi][@doc-pub-host] [32572] 2016-12-29 14:10:53.929970451 +0200 /opt/futu/futu-py-conffi/data/zip/futu-py-conffi.0.1.4.git.20161229_141052.doc-pub-host.rel.zip 
 [INFO ] 2016.12.29-14:10:53 [futu-py-conffi][@doc-pub-host] [32572] in the network dir @:: 
 [INFO ] 2016.12.29-14:10:53 [futu-py-conffi][@doc-pub-host] [32572] :: /vagrant/futu/futu-py-conffi/data/zip 
 [INFO ] 2016.12.29-14:10:54 [futu-py-conffi][@doc-pub-host] [32572] with the following network backup : 
 [INFO ] 2016.12.29-14:10:54 [futu-py-conffi][@doc-pub-host] [32572] 2016-12-29 14:10:54.005791800 +0200 /vagrant/futu/futu-py-conffi/data/zip/futu-py-conffi.0.1.4.git.20161229_141052.doc-pub-host.rel.zip 
 [INFO ] 2016.12.29-14:10:54 [futu-py-conffi][@doc-pub-host] [32572] 0 # = STOP MAIN = futu-py-conffi 
 [INFO ] 2016.12.29-14:11:37 [futu-py-conffi][@doc-pub-host] [2706] # -------------------------------------- 
 [INFO ] 2016.12.29-14:11:37 [futu-py-conffi][@doc-pub-host] [2706] # ----------------------- 
 [INFO ] 2016.12.29-14:11:37 [futu-py-conffi][@doc-pub-host] [2706] # === START MAIN === futu-py-conffi 
 [INFO ] 2016.12.29-14:11:37 [futu-py-conffi][@doc-pub-host] [2706] # ----------------------- 
 [INFO ] 2016.12.29-14:11:37 [futu-py-conffi][@doc-pub-host] [2706] # -------------------------------------- 
 [INFO ] 2016.12.29-14:11:37 [futu-py-conffi][@doc-pub-host] [2706] using the following vars: 
 [INFO ] 2016.12.29-14:11:37 [futu-py-conffi][@doc-pub-host] [2706] running action :: run-python:doRunPython 
 [INFO ] 2016.12.29-14:11:40 [futu-py-conffi][@doc-pub-host] [2706] 0 # = STOP MAIN = futu-py-conffi 
 [INFO ] 2016.12.29-14:51:28 [futu-py-conffi][@doc-pub-host] [4551] # -------------------------------------- 
 [INFO ] 2016.12.29-14:51:28 [futu-py-conffi][@doc-pub-host] [4551] # ----------------------- 
 [INFO ] 2016.12.29-14:51:28 [futu-py-conffi][@doc-pub-host] [4551] # === START MAIN === futu-py-conffi 
 [INFO ] 2016.12.29-14:51:28 [futu-py-conffi][@doc-pub-host] [4551] # ----------------------- 
 [INFO ] 2016.12.29-14:51:28 [futu-py-conffi][@doc-pub-host] [4551] # -------------------------------------- 
 [INFO ] 2016.12.29-14:51:28 [futu-py-conffi][@doc-pub-host] [4551] using the following vars: 
 [INFO ] 2016.12.29-14:51:28 [futu-py-conffi][@doc-pub-host] [4551] running action :: run-python:doRunPython 
 [INFO ] 2016.12.29-14:51:29 [futu-py-conffi][@doc-pub-host] [4551] 0 # = STOP MAIN = futu-py-conffi 
 [INFO ] 2016.12.29-14:58:59 [futu-py-conffi][@doc-pub-host] [6136] # -------------------------------------- 
 [INFO ] 2016.12.29-14:58:59 [futu-py-conffi][@doc-pub-host] [6136] # ----------------------- 
 [INFO ] 2016.12.29-14:58:59 [futu-py-conffi][@doc-pub-host] [6136] # === START MAIN === futu-py-conffi 
 [INFO ] 2016.12.29-14:58:59 [futu-py-conffi][@doc-pub-host] [6136] # ----------------------- 
 [INFO ] 2016.12.29-14:58:59 [futu-py-conffi][@doc-pub-host] [6136] # -------------------------------------- 
 [INFO ] 2016.12.29-14:58:59 [futu-py-conffi][@doc-pub-host] [6136] using the following vars: 
 [INFO ] 2016.12.29-14:58:59 [futu-py-conffi][@doc-pub-host] [6136] running action :: run-python:doRunPython 
 [INFO ] 2016.12.29-14:59:00 [futu-py-conffi][@doc-pub-host] [6136] 0 # = STOP MAIN = futu-py-conffi 
 [INFO ] 2016.12.29-14:59:00 [futu-py-conffi][@doc-pub-host] [6750] # -------------------------------------- 
 [INFO ] 2016.12.29-14:59:00 [futu-py-conffi][@doc-pub-host] [6750] # ----------------------- 
 [INFO ] 2016.12.29-14:59:00 [futu-py-conffi][@doc-pub-host] [6750] # === START MAIN === futu-py-conffi 
 [INFO ] 2016.12.29-14:59:00 [futu-py-conffi][@doc-pub-host] [6750] # ----------------------- 
 [INFO ] 2016.12.29-14:59:00 [futu-py-conffi][@doc-pub-host] [6750] # -------------------------------------- 
 [INFO ] 2016.12.29-14:59:00 [futu-py-conffi][@doc-pub-host] [6750] using the following vars: 
 [INFO ] 2016.12.29-14:59:00 [futu-py-conffi][@doc-pub-host] [6750] running action :: run-python:doRunPython 
 [INFO ] 2016.12.29-14:59:01 [futu-py-conffi][@doc-pub-host] [6750] 0 # = STOP MAIN = futu-py-conffi 
 [INFO ] 2016.12.29-15:00:43 [futu-py-conffi][@doc-pub-host] [8285] # -------------------------------------- 
 [INFO ] 2016.12.29-15:00:43 [futu-py-conffi][@doc-pub-host] [8285] # ----------------------- 
 [INFO ] 2016.12.29-15:00:43 [futu-py-conffi][@doc-pub-host] [8285] # === START MAIN === futu-py-conffi 
 [INFO ] 2016.12.29-15:00:43 [futu-py-conffi][@doc-pub-host] [8285] # ----------------------- 
 [INFO ] 2016.12.29-15:00:43 [futu-py-conffi][@doc-pub-host] [8285] # -------------------------------------- 
 [INFO ] 2016.12.29-15:00:43 [futu-py-conffi][@doc-pub-host] [8285] using the following vars: 
 [INFO ] 2016.12.29-15:00:43 [futu-py-conffi][@doc-pub-host] [8285] running action :: run-python:doRunPython 
 [INFO ] 2016.12.29-15:00:46 [futu-py-conffi][@doc-pub-host] [8285] 0 # = STOP MAIN = futu-py-conffi 
 [INFO ] 2016.12.29-15:00:46 [futu-py-conffi][@doc-pub-host] [8886] # -------------------------------------- 
 [INFO ] 2016.12.29-15:00:46 [futu-py-conffi][@doc-pub-host] [8886] # ----------------------- 
 [INFO ] 2016.12.29-15:00:46 [futu-py-conffi][@doc-pub-host] [8886] # === START MAIN === futu-py-conffi 
 [INFO ] 2016.12.29-15:00:46 [futu-py-conffi][@doc-pub-host] [8886] # ----------------------- 
 [INFO ] 2016.12.29-15:00:46 [futu-py-conffi][@doc-pub-host] [8886] # -------------------------------------- 
 [INFO ] 2016.12.29-15:00:46 [futu-py-conffi][@doc-pub-host] [8886] using the following vars: 
 [INFO ] 2016.12.29-15:00:46 [futu-py-conffi][@doc-pub-host] [8886] running action :: run-python:doRunPython 
 [INFO ] 2016.12.29-15:00:48 [futu-py-conffi][@doc-pub-host] [8886] ERROR --- exit_code 1 --- exit_msg : 1 read -d ' ' action 
 [INFO ] 2016.12.29-15:04:14 [futu-py-conffi][@doc-pub-host] [10418] # -------------------------------------- 
 [INFO ] 2016.12.29-15:04:14 [futu-py-conffi][@doc-pub-host] [10418] # ----------------------- 
 [INFO ] 2016.12.29-15:04:14 [futu-py-conffi][@doc-pub-host] [10418] # === START MAIN === futu-py-conffi 
 [INFO ] 2016.12.29-15:04:14 [futu-py-conffi][@doc-pub-host] [10418] # ----------------------- 
 [INFO ] 2016.12.29-15:04:14 [futu-py-conffi][@doc-pub-host] [10418] # -------------------------------------- 
 [INFO ] 2016.12.29-15:04:14 [futu-py-conffi][@doc-pub-host] [10418] using the following vars: 
 [INFO ] 2016.12.29-15:04:14 [futu-py-conffi][@doc-pub-host] [10418] running action :: run-python:doRunPython 
 [INFO ] 2016.12.29-15:04:14 [futu-py-conffi][@doc-pub-host] [10418] 0 # = STOP MAIN = futu-py-conffi 
 [INFO ] 2016.12.29-15:04:15 [futu-py-conffi][@doc-pub-host] [11021] # -------------------------------------- 
 [INFO ] 2016.12.29-15:04:15 [futu-py-conffi][@doc-pub-host] [11021] # ----------------------- 
 [INFO ] 2016.12.29-15:04:15 [futu-py-conffi][@doc-pub-host] [11021] # === START MAIN === futu-py-conffi 
 [INFO ] 2016.12.29-15:04:15 [futu-py-conffi][@doc-pub-host] [11021] # ----------------------- 
 [INFO ] 2016.12.29-15:04:15 [futu-py-conffi][@doc-pub-host] [11021] # -------------------------------------- 
 [INFO ] 2016.12.29-15:04:15 [futu-py-conffi][@doc-pub-host] [11021] using the following vars: 
 [INFO ] 2016.12.29-15:04:15 [futu-py-conffi][@doc-pub-host] [11021] running action :: run-python:doRunPython 
 [INFO ] 2016.12.29-15:04:15 [futu-py-conffi][@doc-pub-host] [11021] 0 # = STOP MAIN = futu-py-conffi 
 [INFO ] 2016.12.29-15:10:40 [futu-py-conffi][@doc-pub-host] [12649] # -------------------------------------- 
 [INFO ] 2016.12.29-15:10:40 [futu-py-conffi][@doc-pub-host] [12649] # ----------------------- 
 [INFO ] 2016.12.29-15:10:40 [futu-py-conffi][@doc-pub-host] [12649] # === START MAIN === futu-py-conffi 
 [INFO ] 2016.12.29-15:10:40 [futu-py-conffi][@doc-pub-host] [12649] # ----------------------- 
 [INFO ] 2016.12.29-15:10:40 [futu-py-conffi][@doc-pub-host] [12649] # -------------------------------------- 
 [INFO ] 2016.12.29-15:10:40 [futu-py-conffi][@doc-pub-host] [12649] using the following vars: 
 [INFO ] 2016.12.29-15:10:40 [futu-py-conffi][@doc-pub-host] [12649] running action :: run-python:doRunPython 
 [INFO ] 2016.12.29-15:10:40 [futu-py-conffi][@doc-pub-host] [12649] 0 # = STOP MAIN = futu-py-conffi 
 [INFO ] 2016.12.29-15:10:40 [futu-py-conffi][@doc-pub-host] [13249] # -------------------------------------- 
 [INFO ] 2016.12.29-15:10:40 [futu-py-conffi][@doc-pub-host] [13249] # ----------------------- 
 [INFO ] 2016.12.29-15:10:40 [futu-py-conffi][@doc-pub-host] [13249] # === START MAIN === futu-py-conffi 
 [INFO ] 2016.12.29-15:10:40 [futu-py-conffi][@doc-pub-host] [13249] # ----------------------- 
 [INFO ] 2016.12.29-15:10:40 [futu-py-conffi][@doc-pub-host] [13249] # -------------------------------------- 
 [INFO ] 2016.12.29-15:10:40 [futu-py-conffi][@doc-pub-host] [13249] using the following vars: 
 [INFO ] 2016.12.29-15:10:41 [futu-py-conffi][@doc-pub-host] [13249] running action :: run-python:doRunPython 
 [INFO ] 2016.12.29-15:10:41 [futu-py-conffi][@doc-pub-host] [13249] 0 # = STOP MAIN = futu-py-conffi 
 [INFO ] 2016.12.29-15:11:02 [futu-py-conffi][@doc-pub-host] [14769] # -------------------------------------- 
 [INFO ] 2016.12.29-15:11:02 [futu-py-conffi][@doc-pub-host] [14769] # ----------------------- 
 [INFO ] 2016.12.29-15:11:02 [futu-py-conffi][@doc-pub-host] [14769] # === START MAIN === futu-py-conffi 
 [INFO ] 2016.12.29-15:11:02 [futu-py-conffi][@doc-pub-host] [14769] # ----------------------- 
 [INFO ] 2016.12.29-15:11:02 [futu-py-conffi][@doc-pub-host] [14769] # -------------------------------------- 
 [INFO ] 2016.12.29-15:11:02 [futu-py-conffi][@doc-pub-host] [14769] using the following vars: 
 [INFO ] 2016.12.29-15:11:02 [futu-py-conffi][@doc-pub-host] [14769] running action :: run-python:doRunPython 
 [INFO ] 2016.12.29-15:11:02 [futu-py-conffi][@doc-pub-host] [14769] 0 # = STOP MAIN = futu-py-conffi 
 [INFO ] 2016.12.29-15:11:02 [futu-py-conffi][@doc-pub-host] [15370] # -------------------------------------- 
 [INFO ] 2016.12.29-15:11:02 [futu-py-conffi][@doc-pub-host] [15370] # ----------------------- 
 [INFO ] 2016.12.29-15:11:02 [futu-py-conffi][@doc-pub-host] [15370] # === START MAIN === futu-py-conffi 
 [INFO ] 2016.12.29-15:11:02 [futu-py-conffi][@doc-pub-host] [15370] # ----------------------- 
 [INFO ] 2016.12.29-15:11:02 [futu-py-conffi][@doc-pub-host] [15370] # -------------------------------------- 
 [INFO ] 2016.12.29-15:11:02 [futu-py-conffi][@doc-pub-host] [15370] using the following vars: 
 [INFO ] 2016.12.29-15:11:02 [futu-py-conffi][@doc-pub-host] [15370] running action :: run-python:doRunPython 
 [INFO ] 2016.12.29-15:11:03 [futu-py-conffi][@doc-pub-host] [15370] 0 # = STOP MAIN = futu-py-conffi 
 [INFO ] 2016.12.29-15:12:32 [futu-py-conffi][@doc-pub-host] [16902] # -------------------------------------- 
 [INFO ] 2016.12.29-15:12:32 [futu-py-conffi][@doc-pub-host] [16902] # ----------------------- 
 [INFO ] 2016.12.29-15:12:32 [futu-py-conffi][@doc-pub-host] [16902] # === START MAIN === futu-py-conffi 
 [INFO ] 2016.12.29-15:12:32 [futu-py-conffi][@doc-pub-host] [16902] # ----------------------- 
 [INFO ] 2016.12.29-15:12:32 [futu-py-conffi][@doc-pub-host] [16902] # -------------------------------------- 
 [INFO ] 2016.12.29-15:12:32 [futu-py-conffi][@doc-pub-host] [16902] using the following vars: 
 [INFO ] 2016.12.29-15:12:32 [futu-py-conffi][@doc-pub-host] [16902] running action :: run-python:doRunPython 
 [INFO ] 2016.12.29-15:12:33 [futu-py-conffi][@doc-pub-host] [16902] 0 # = STOP MAIN = futu-py-conffi 
 [INFO ] 2016.12.29-15:12:33 [futu-py-conffi][@doc-pub-host] [17503] # -------------------------------------- 
 [INFO ] 2016.12.29-15:12:33 [futu-py-conffi][@doc-pub-host] [17503] # ----------------------- 
 [INFO ] 2016.12.29-15:12:33 [futu-py-conffi][@doc-pub-host] [17503] # === START MAIN === futu-py-conffi 
 [INFO ] 2016.12.29-15:12:33 [futu-py-conffi][@doc-pub-host] [17503] # ----------------------- 
 [INFO ] 2016.12.29-15:12:33 [futu-py-conffi][@doc-pub-host] [17503] # -------------------------------------- 
 [INFO ] 2016.12.29-15:12:33 [futu-py-conffi][@doc-pub-host] [17503] using the following vars: 
 [INFO ] 2016.12.29-15:12:33 [futu-py-conffi][@doc-pub-host] [17503] running action :: run-python:doRunPython 
 [INFO ] 2016.12.29-15:12:35 [futu-py-conffi][@doc-pub-host] [17503] 0 # = STOP MAIN = futu-py-conffi 
 [INFO ] 2016.12.29-15:13:40 [futu-py-conffi][@doc-pub-host] [19055] # -------------------------------------- 
 [INFO ] 2016.12.29-15:13:40 [futu-py-conffi][@doc-pub-host] [19055] # ----------------------- 
 [INFO ] 2016.12.29-15:13:40 [futu-py-conffi][@doc-pub-host] [19055] # === START MAIN === futu-py-conffi 
 [INFO ] 2016.12.29-15:13:40 [futu-py-conffi][@doc-pub-host] [19055] # ----------------------- 
 [INFO ] 2016.12.29-15:13:40 [futu-py-conffi][@doc-pub-host] [19055] # -------------------------------------- 
 [INFO ] 2016.12.29-15:13:40 [futu-py-conffi][@doc-pub-host] [19055] using the following vars: 
 [INFO ] 2016.12.29-15:13:40 [futu-py-conffi][@doc-pub-host] [19055] running action :: run-python:doRunPython 
 [INFO ] 2016.12.29-15:13:44 [futu-py-conffi][@doc-pub-host] [19055] 0 # = STOP MAIN = futu-py-conffi 
 [INFO ] 2016.12.29-15:13:44 [futu-py-conffi][@doc-pub-host] [19668] # -------------------------------------- 
 [INFO ] 2016.12.29-15:13:44 [futu-py-conffi][@doc-pub-host] [19668] # ----------------------- 
 [INFO ] 2016.12.29-15:13:44 [futu-py-conffi][@doc-pub-host] [19668] # === START MAIN === futu-py-conffi 
 [INFO ] 2016.12.29-15:13:44 [futu-py-conffi][@doc-pub-host] [19668] # ----------------------- 
 [INFO ] 2016.12.29-15:13:44 [futu-py-conffi][@doc-pub-host] [19668] # -------------------------------------- 
 [INFO ] 2016.12.29-15:13:44 [futu-py-conffi][@doc-pub-host] [19668] using the following vars: 
 [INFO ] 2016.12.29-15:13:44 [futu-py-conffi][@doc-pub-host] [19668] running action :: run-python:doRunPython 
 [INFO ] 2016.12.29-15:13:45 [futu-py-conffi][@doc-pub-host] [19668] ERROR --- exit_code 1 --- exit_msg : 1 read -d ' ' action 
 [INFO ] 2016.12.29-15:19:56 [futu-py-conffi][@doc-pub-host] [21212] # -------------------------------------- 
 [INFO ] 2016.12.29-15:19:56 [futu-py-conffi][@doc-pub-host] [21212] # ----------------------- 
 [INFO ] 2016.12.29-15:19:56 [futu-py-conffi][@doc-pub-host] [21212] # === START MAIN === futu-py-conffi 
 [INFO ] 2016.12.29-15:19:56 [futu-py-conffi][@doc-pub-host] [21212] # ----------------------- 
 [INFO ] 2016.12.29-15:19:56 [futu-py-conffi][@doc-pub-host] [21212] # -------------------------------------- 
 [INFO ] 2016.12.29-15:19:56 [futu-py-conffi][@doc-pub-host] [21212] using the following vars: 
 [INFO ] 2016.12.29-15:19:56 [futu-py-conffi][@doc-pub-host] [21212] running action :: run-python:doRunPython 
 [INFO ] 2016.12.29-15:19:58 [futu-py-conffi][@doc-pub-host] [21212] ERROR --- exit_code 1 --- exit_msg : 1 read -d ' ' action 
 [INFO ] 2016.12.29-15:19:58 [futu-py-conffi][@doc-pub-host] [21370] # -------------------------------------- 
 [INFO ] 2016.12.29-15:19:58 [futu-py-conffi][@doc-pub-host] [21370] # ----------------------- 
 [INFO ] 2016.12.29-15:19:58 [futu-py-conffi][@doc-pub-host] [21370] # === START MAIN === futu-py-conffi 
 [INFO ] 2016.12.29-15:19:58 [futu-py-conffi][@doc-pub-host] [21370] # ----------------------- 
 [INFO ] 2016.12.29-15:19:58 [futu-py-conffi][@doc-pub-host] [21370] # -------------------------------------- 
 [INFO ] 2016.12.29-15:19:58 [futu-py-conffi][@doc-pub-host] [21370] using the following vars: 
 [INFO ] 2016.12.29-15:19:59 [futu-py-conffi][@doc-pub-host] [21370] running action :: run-python:doRunPython 
 [INFO ] 2016.12.29-15:20:00 [futu-py-conffi][@doc-pub-host] [21370] ERROR --- exit_code 1 --- exit_msg : 1 read -d ' ' action 
 [INFO ] 2016.12.29-15:20:35 [futu-py-conffi][@doc-pub-host] [22452] # -------------------------------------- 
 [INFO ] 2016.12.29-15:20:35 [futu-py-conffi][@doc-pub-host] [22452] # ----------------------- 
 [INFO ] 2016.12.29-15:20:35 [futu-py-conffi][@doc-pub-host] [22452] # === START MAIN === futu-py-conffi 
 [INFO ] 2016.12.29-15:20:35 [futu-py-conffi][@doc-pub-host] [22452] # ----------------------- 
 [INFO ] 2016.12.29-15:20:35 [futu-py-conffi][@doc-pub-host] [22452] # -------------------------------------- 
 [INFO ] 2016.12.29-15:20:35 [futu-py-conffi][@doc-pub-host] [22452] using the following vars: 
 [INFO ] 2016.12.29-15:20:35 [futu-py-conffi][@doc-pub-host] [22452] running action :: run-python:doRunPython 
 [INFO ] 2016.12.29-15:20:37 [futu-py-conffi][@doc-pub-host] [22452] ERROR --- exit_code 1 --- exit_msg : 1 read -d ' ' action 
 [INFO ] 2016.12.29-15:20:37 [futu-py-conffi][@doc-pub-host] [22610] # -------------------------------------- 
 [INFO ] 2016.12.29-15:20:37 [futu-py-conffi][@doc-pub-host] [22610] # ----------------------- 
 [INFO ] 2016.12.29-15:20:37 [futu-py-conffi][@doc-pub-host] [22610] # === START MAIN === futu-py-conffi 
 [INFO ] 2016.12.29-15:20:37 [futu-py-conffi][@doc-pub-host] [22610] # ----------------------- 
 [INFO ] 2016.12.29-15:20:37 [futu-py-conffi][@doc-pub-host] [22610] # -------------------------------------- 
 [INFO ] 2016.12.29-15:20:37 [futu-py-conffi][@doc-pub-host] [22610] using the following vars: 
 [INFO ] 2016.12.29-15:20:37 [futu-py-conffi][@doc-pub-host] [22610] running action :: run-python:doRunPython 
 [INFO ] 2016.12.29-15:20:38 [futu-py-conffi][@doc-pub-host] [22610] ERROR --- exit_code 1 --- exit_msg : 1 read -d ' ' action 
 [INFO ] 2016.12.29-15:21:52 [futu-py-conffi][@doc-pub-host] [23692] # -------------------------------------- 
 [INFO ] 2016.12.29-15:21:52 [futu-py-conffi][@doc-pub-host] [23692] # ----------------------- 
 [INFO ] 2016.12.29-15:21:52 [futu-py-conffi][@doc-pub-host] [23692] # === START MAIN === futu-py-conffi 
 [INFO ] 2016.12.29-15:21:52 [futu-py-conffi][@doc-pub-host] [23692] # ----------------------- 
 [INFO ] 2016.12.29-15:21:52 [futu-py-conffi][@doc-pub-host] [23692] # -------------------------------------- 
 [INFO ] 2016.12.29-15:21:52 [futu-py-conffi][@doc-pub-host] [23692] using the following vars: 
 [INFO ] 2016.12.29-15:21:52 [futu-py-conffi][@doc-pub-host] [23692] running action :: run-python:doRunPython 
 [INFO ] 2016.12.29-15:21:54 [futu-py-conffi][@doc-pub-host] [23692] ERROR --- exit_code 1 --- exit_msg : 1 read -d ' ' action 
 [INFO ] 2016.12.29-15:21:54 [futu-py-conffi][@doc-pub-host] [23851] # -------------------------------------- 
 [INFO ] 2016.12.29-15:21:54 [futu-py-conffi][@doc-pub-host] [23851] # ----------------------- 
 [INFO ] 2016.12.29-15:21:54 [futu-py-conffi][@doc-pub-host] [23851] # === START MAIN === futu-py-conffi 
 [INFO ] 2016.12.29-15:21:54 [futu-py-conffi][@doc-pub-host] [23851] # ----------------------- 
 [INFO ] 2016.12.29-15:21:54 [futu-py-conffi][@doc-pub-host] [23851] # -------------------------------------- 
 [INFO ] 2016.12.29-15:21:54 [futu-py-conffi][@doc-pub-host] [23851] using the following vars: 
 [INFO ] 2016.12.29-15:21:54 [futu-py-conffi][@doc-pub-host] [23851] running action :: run-python:doRunPython 
 [INFO ] 2016.12.29-15:22:01 [futu-py-conffi][@doc-pub-host] [23851] ERROR --- exit_code 1 --- exit_msg : 1 read -d ' ' action 
 [INFO ] 2016.12.29-15:23:28 [futu-py-conffi][@doc-pub-host] [25393] # -------------------------------------- 
 [INFO ] 2016.12.29-15:23:28 [futu-py-conffi][@doc-pub-host] [25393] # ----------------------- 
 [INFO ] 2016.12.29-15:23:28 [futu-py-conffi][@doc-pub-host] [25393] # === START MAIN === futu-py-conffi 
 [INFO ] 2016.12.29-15:23:28 [futu-py-conffi][@doc-pub-host] [25393] # ----------------------- 
 [INFO ] 2016.12.29-15:23:28 [futu-py-conffi][@doc-pub-host] [25393] # -------------------------------------- 
 [INFO ] 2016.12.29-15:23:28 [futu-py-conffi][@doc-pub-host] [25393] using the following vars: 
 [INFO ] 2016.12.29-15:23:28 [futu-py-conffi][@doc-pub-host] [25393] running action :: run-python:doRunPython 
 [INFO ] 2016.12.29-15:23:32 [futu-py-conffi][@doc-pub-host] [25393] 0 # = STOP MAIN = futu-py-conffi 
 [INFO ] 2016.12.29-15:23:32 [futu-py-conffi][@doc-pub-host] [25994] # -------------------------------------- 
 [INFO ] 2016.12.29-15:23:32 [futu-py-conffi][@doc-pub-host] [25994] # ----------------------- 
 [INFO ] 2016.12.29-15:23:32 [futu-py-conffi][@doc-pub-host] [25994] # === START MAIN === futu-py-conffi 
 [INFO ] 2016.12.29-15:23:32 [futu-py-conffi][@doc-pub-host] [25994] # ----------------------- 
 [INFO ] 2016.12.29-15:23:32 [futu-py-conffi][@doc-pub-host] [25994] # -------------------------------------- 
 [INFO ] 2016.12.29-15:23:32 [futu-py-conffi][@doc-pub-host] [25994] using the following vars: 
 [INFO ] 2016.12.29-15:23:32 [futu-py-conffi][@doc-pub-host] [25994] running action :: run-python:doRunPython 
 [INFO ] 2016.12.29-15:23:37 [futu-py-conffi][@doc-pub-host] [25994] 0 # = STOP MAIN = futu-py-conffi 
 [INFO ] 2016.12.29-15:24:52 [futu-py-conffi][@doc-pub-host] [27524] # -------------------------------------- 
 [INFO ] 2016.12.29-15:24:52 [futu-py-conffi][@doc-pub-host] [27524] # ----------------------- 
 [INFO ] 2016.12.29-15:24:52 [futu-py-conffi][@doc-pub-host] [27524] # === START MAIN === futu-py-conffi 
 [INFO ] 2016.12.29-15:24:52 [futu-py-conffi][@doc-pub-host] [27524] # ----------------------- 
 [INFO ] 2016.12.29-15:24:52 [futu-py-conffi][@doc-pub-host] [27524] # -------------------------------------- 
 [INFO ] 2016.12.29-15:24:52 [futu-py-conffi][@doc-pub-host] [27524] using the following vars: 
 [INFO ] 2016.12.29-15:24:52 [futu-py-conffi][@doc-pub-host] [27524] running action :: run-python:doRunPython 
 [INFO ] 2016.12.29-15:24:57 [futu-py-conffi][@doc-pub-host] [27524] 0 # = STOP MAIN = futu-py-conffi 
 [INFO ] 2016.12.29-15:24:57 [futu-py-conffi][@doc-pub-host] [28137] # -------------------------------------- 
 [INFO ] 2016.12.29-15:24:57 [futu-py-conffi][@doc-pub-host] [28137] # ----------------------- 
 [INFO ] 2016.12.29-15:24:57 [futu-py-conffi][@doc-pub-host] [28137] # === START MAIN === futu-py-conffi 
 [INFO ] 2016.12.29-15:24:57 [futu-py-conffi][@doc-pub-host] [28137] # ----------------------- 
 [INFO ] 2016.12.29-15:24:57 [futu-py-conffi][@doc-pub-host] [28137] # -------------------------------------- 
 [INFO ] 2016.12.29-15:24:57 [futu-py-conffi][@doc-pub-host] [28137] using the following vars: 
 [INFO ] 2016.12.29-15:24:57 [futu-py-conffi][@doc-pub-host] [28137] running action :: run-python:doRunPython 
 [INFO ] 2016.12.29-15:25:01 [futu-py-conffi][@doc-pub-host] [28137] 0 # = STOP MAIN = futu-py-conffi 
 [INFO ] 2016.12.29-15:25:46 [futu-py-conffi][@doc-pub-host] [28861] # -------------------------------------- 
 [INFO ] 2016.12.29-15:25:46 [futu-py-conffi][@doc-pub-host] [28861] # ----------------------- 
 [INFO ] 2016.12.29-15:25:46 [futu-py-conffi][@doc-pub-host] [28861] # === START MAIN === futu-py-conffi 
 [INFO ] 2016.12.29-15:25:46 [futu-py-conffi][@doc-pub-host] [28861] # ----------------------- 
 [INFO ] 2016.12.29-15:25:46 [futu-py-conffi][@doc-pub-host] [28861] # -------------------------------------- 
 [INFO ] 2016.12.29-15:25:46 [futu-py-conffi][@doc-pub-host] [28861] using the following vars: 
 [INFO ] 2016.12.29-15:25:46 [futu-py-conffi][@doc-pub-host] [28861] running action :: create-ctags:doCreateCtags 
 [INFO ] 2016.12.29-15:25:46 [futu-py-conffi][@doc-pub-host] [28861] 0 # = STOP MAIN = futu-py-conffi 
 [INFO ] 2016.12.29-15:29:56 [futu-py-conffi][@doc-pub-host] [30347] # -------------------------------------- 
 [INFO ] 2016.12.29-15:29:56 [futu-py-conffi][@doc-pub-host] [30347] # ----------------------- 
 [INFO ] 2016.12.29-15:29:56 [futu-py-conffi][@doc-pub-host] [30347] # === START MAIN === futu-py-conffi 
 [INFO ] 2016.12.29-15:29:56 [futu-py-conffi][@doc-pub-host] [30347] # ----------------------- 
 [INFO ] 2016.12.29-15:29:56 [futu-py-conffi][@doc-pub-host] [30347] # -------------------------------------- 
 [INFO ] 2016.12.29-15:29:56 [futu-py-conffi][@doc-pub-host] [30347] using the following vars: 
 [INFO ] 2016.12.29-15:29:56 [futu-py-conffi][@doc-pub-host] [30347] running action :: run-python:doRunPython 
 [INFO ] 2016.12.29-15:29:57 [futu-py-conffi][@doc-pub-host] [30347] 0 # = STOP MAIN = futu-py-conffi 
 [INFO ] 2016.12.29-15:29:57 [futu-py-conffi][@doc-pub-host] [30947] # -------------------------------------- 
 [INFO ] 2016.12.29-15:29:57 [futu-py-conffi][@doc-pub-host] [30947] # ----------------------- 
 [INFO ] 2016.12.29-15:29:57 [futu-py-conffi][@doc-pub-host] [30947] # === START MAIN === futu-py-conffi 
 [INFO ] 2016.12.29-15:29:57 [futu-py-conffi][@doc-pub-host] [30947] # ----------------------- 
 [INFO ] 2016.12.29-15:29:57 [futu-py-conffi][@doc-pub-host] [30947] # -------------------------------------- 
 [INFO ] 2016.12.29-15:29:57 [futu-py-conffi][@doc-pub-host] [30947] using the following vars: 
 [INFO ] 2016.12.29-15:29:57 [futu-py-conffi][@doc-pub-host] [30947] running action :: run-python:doRunPython 
 [INFO ] 2016.12.29-15:29:57 [futu-py-conffi][@doc-pub-host] [30947] 0 # = STOP MAIN = futu-py-conffi 
 [INFO ] 2016.12.29-15:30:09 [futu-py-conffi][@doc-pub-host] [32467] # -------------------------------------- 
 [INFO ] 2016.12.29-15:30:09 [futu-py-conffi][@doc-pub-host] [32467] # ----------------------- 
 [INFO ] 2016.12.29-15:30:09 [futu-py-conffi][@doc-pub-host] [32467] # === START MAIN === futu-py-conffi 
 [INFO ] 2016.12.29-15:30:09 [futu-py-conffi][@doc-pub-host] [32467] # ----------------------- 
 [INFO ] 2016.12.29-15:30:09 [futu-py-conffi][@doc-pub-host] [32467] # -------------------------------------- 
 [INFO ] 2016.12.29-15:30:09 [futu-py-conffi][@doc-pub-host] [32467] using the following vars: 
 [INFO ] 2016.12.29-15:30:09 [futu-py-conffi][@doc-pub-host] [32467] running action :: run-python:doRunPython 
 [INFO ] 2016.12.29-15:30:10 [futu-py-conffi][@doc-pub-host] [32467] 0 # = STOP MAIN = futu-py-conffi 
 [INFO ] 2016.12.29-15:30:10 [futu-py-conffi][@doc-pub-host] [602] # -------------------------------------- 
 [INFO ] 2016.12.29-15:30:10 [futu-py-conffi][@doc-pub-host] [602] # ----------------------- 
 [INFO ] 2016.12.29-15:30:10 [futu-py-conffi][@doc-pub-host] [602] # === START MAIN === futu-py-conffi 
 [INFO ] 2016.12.29-15:30:10 [futu-py-conffi][@doc-pub-host] [602] # ----------------------- 
 [INFO ] 2016.12.29-15:30:10 [futu-py-conffi][@doc-pub-host] [602] # -------------------------------------- 
 [INFO ] 2016.12.29-15:30:10 [futu-py-conffi][@doc-pub-host] [602] using the following vars: 
 [INFO ] 2016.12.29-15:30:10 [futu-py-conffi][@doc-pub-host] [602] running action :: run-python:doRunPython 
 [INFO ] 2016.12.29-15:30:10 [futu-py-conffi][@doc-pub-host] [602] 0 # = STOP MAIN = futu-py-conffi 
 [INFO ] 2016.12.29-15:31:04 [futu-py-conffi][@doc-pub-host] [2320] # -------------------------------------- 
 [INFO ] 2016.12.29-15:31:04 [futu-py-conffi][@doc-pub-host] [2320] # ----------------------- 
 [INFO ] 2016.12.29-15:31:04 [futu-py-conffi][@doc-pub-host] [2320] # === START MAIN === futu-py-conffi 
 [INFO ] 2016.12.29-15:31:04 [futu-py-conffi][@doc-pub-host] [2320] # ----------------------- 
 [INFO ] 2016.12.29-15:31:04 [futu-py-conffi][@doc-pub-host] [2320] # -------------------------------------- 
 [INFO ] 2016.12.29-15:31:04 [futu-py-conffi][@doc-pub-host] [2320] using the following vars: 
 [INFO ] 2016.12.29-15:31:04 [futu-py-conffi][@doc-pub-host] [2320] running action :: run-python:doRunPython 
 [INFO ] 2016.12.29-15:31:05 [futu-py-conffi][@doc-pub-host] [2320] 0 # = STOP MAIN = futu-py-conffi 
 [INFO ] 2016.12.29-15:31:05 [futu-py-conffi][@doc-pub-host] [3050] # -------------------------------------- 
 [INFO ] 2016.12.29-15:31:05 [futu-py-conffi][@doc-pub-host] [3050] # ----------------------- 
 [INFO ] 2016.12.29-15:31:05 [futu-py-conffi][@doc-pub-host] [3050] # === START MAIN === futu-py-conffi 
 [INFO ] 2016.12.29-15:31:05 [futu-py-conffi][@doc-pub-host] [3050] # ----------------------- 
 [INFO ] 2016.12.29-15:31:05 [futu-py-conffi][@doc-pub-host] [3050] # -------------------------------------- 
 [INFO ] 2016.12.29-15:31:05 [futu-py-conffi][@doc-pub-host] [3050] using the following vars: 
 [INFO ] 2016.12.29-15:31:05 [futu-py-conffi][@doc-pub-host] [3050] running action :: run-python:doRunPython 
 [INFO ] 2016.12.29-15:31:06 [futu-py-conffi][@doc-pub-host] [3050] 0 # = STOP MAIN = futu-py-conffi 
 [INFO ] 2016.12.29-15:31:31 [futu-py-conffi][@doc-pub-host] [4606] # -------------------------------------- 
 [INFO ] 2016.12.29-15:31:31 [futu-py-conffi][@doc-pub-host] [4606] # ----------------------- 
 [INFO ] 2016.12.29-15:31:31 [futu-py-conffi][@doc-pub-host] [4606] # === START MAIN === futu-py-conffi 
 [INFO ] 2016.12.29-15:31:31 [futu-py-conffi][@doc-pub-host] [4606] # ----------------------- 
 [INFO ] 2016.12.29-15:31:31 [futu-py-conffi][@doc-pub-host] [4606] # -------------------------------------- 
 [INFO ] 2016.12.29-15:31:31 [futu-py-conffi][@doc-pub-host] [4606] using the following vars: 
 [INFO ] 2016.12.29-15:31:31 [futu-py-conffi][@doc-pub-host] [4606] running action :: run-python:doRunPython 
 [INFO ] 2016.12.29-15:31:35 [futu-py-conffi][@doc-pub-host] [4606] 0 # = STOP MAIN = futu-py-conffi 
 [INFO ] 2016.12.29-15:31:35 [futu-py-conffi][@doc-pub-host] [5215] # -------------------------------------- 
 [INFO ] 2016.12.29-15:31:35 [futu-py-conffi][@doc-pub-host] [5215] # ----------------------- 
 [INFO ] 2016.12.29-15:31:35 [futu-py-conffi][@doc-pub-host] [5215] # === START MAIN === futu-py-conffi 
 [INFO ] 2016.12.29-15:31:35 [futu-py-conffi][@doc-pub-host] [5215] # ----------------------- 
 [INFO ] 2016.12.29-15:31:35 [futu-py-conffi][@doc-pub-host] [5215] # -------------------------------------- 
 [INFO ] 2016.12.29-15:31:35 [futu-py-conffi][@doc-pub-host] [5215] using the following vars: 
 [INFO ] 2016.12.29-15:31:35 [futu-py-conffi][@doc-pub-host] [5215] running action :: run-python:doRunPython 
 [INFO ] 2016.12.29-15:31:40 [futu-py-conffi][@doc-pub-host] [5215] 0 # = STOP MAIN = futu-py-conffi 
 [INFO ] 2016.12.29-15:34:14 [futu-py-conffi][@doc-pub-host] [6780] # -------------------------------------- 
 [INFO ] 2016.12.29-15:34:14 [futu-py-conffi][@doc-pub-host] [6780] # ----------------------- 
 [INFO ] 2016.12.29-15:34:14 [futu-py-conffi][@doc-pub-host] [6780] # === START MAIN === futu-py-conffi 
 [INFO ] 2016.12.29-15:34:14 [futu-py-conffi][@doc-pub-host] [6780] # ----------------------- 
 [INFO ] 2016.12.29-15:34:14 [futu-py-conffi][@doc-pub-host] [6780] # -------------------------------------- 
 [INFO ] 2016.12.29-15:34:14 [futu-py-conffi][@doc-pub-host] [6780] using the following vars: 
 [INFO ] 2016.12.29-15:34:14 [futu-py-conffi][@doc-pub-host] [6780] running action :: run-python:doRunPython 
 [INFO ] 2016.12.29-15:34:21 [futu-py-conffi][@doc-pub-host] [6780] 0 # = STOP MAIN = futu-py-conffi 
 [INFO ] 2016.12.29-15:34:21 [futu-py-conffi][@doc-pub-host] [7384] # -------------------------------------- 
 [INFO ] 2016.12.29-15:34:21 [futu-py-conffi][@doc-pub-host] [7384] # ----------------------- 
 [INFO ] 2016.12.29-15:34:21 [futu-py-conffi][@doc-pub-host] [7384] # === START MAIN === futu-py-conffi 
 [INFO ] 2016.12.29-15:34:21 [futu-py-conffi][@doc-pub-host] [7384] # ----------------------- 
 [INFO ] 2016.12.29-15:34:21 [futu-py-conffi][@doc-pub-host] [7384] # -------------------------------------- 
 [INFO ] 2016.12.29-15:34:21 [futu-py-conffi][@doc-pub-host] [7384] using the following vars: 
 [INFO ] 2016.12.29-15:34:21 [futu-py-conffi][@doc-pub-host] [7384] running action :: run-python:doRunPython 
 [INFO ] 2016.12.29-15:34:29 [futu-py-conffi][@doc-pub-host] [7384] 0 # = STOP MAIN = futu-py-conffi 
 [INFO ] 2016.12.29-15:42:15 [futu-py-conffi][@doc-pub-host] [8213] # -------------------------------------- 
 [INFO ] 2016.12.29-15:42:15 [futu-py-conffi][@doc-pub-host] [8213] # ----------------------- 
 [INFO ] 2016.12.29-15:42:15 [futu-py-conffi][@doc-pub-host] [8213] # === START MAIN === futu-py-conffi 
 [INFO ] 2016.12.29-15:42:15 [futu-py-conffi][@doc-pub-host] [8213] # ----------------------- 
 [INFO ] 2016.12.29-15:42:15 [futu-py-conffi][@doc-pub-host] [8213] # -------------------------------------- 
 [INFO ] 2016.12.29-15:42:15 [futu-py-conffi][@doc-pub-host] [8213] using the following vars: 
 [INFO ] 2016.12.29-15:42:16 [futu-py-conffi][@doc-pub-host] [8213] running action :: generate-action-files:doGenerateActionFiles 
 [INFO ] 2016.12.29-15:42:16 [futu-py-conffi][@doc-pub-host] [8213] delvr_doc_file: docs/txt/futu-py-conffi/specs/create-full-7z-package.spec.txt 
 [INFO ] 2016.12.29-15:42:16 [futu-py-conffi][@doc-pub-host] [8213] delvr_code_file: sfw/bash/futu-py-conffi/specs/create-full-7z-package.spec.sh 
 [INFO ] 2016.12.29-15:42:16 [futu-py-conffi][@doc-pub-host] [8213] delvr_doc_file: docs/txt/futu-py-conffi/funcs/create-full-7z-package.func.txt 
 [INFO ] 2016.12.29-15:42:16 [futu-py-conffi][@doc-pub-host] [8213] delvr_code_file: sfw/bash/futu-py-conffi/funcs/create-full-7z-package.func.sh 
 [INFO ] 2016.12.29-15:42:16 [futu-py-conffi][@doc-pub-host] [8213] delvr_doc_file: docs/txt/futu-py-conffi/tests/create-full-7z-package.test.txt 
 [INFO ] 2016.12.29-15:42:16 [futu-py-conffi][@doc-pub-host] [8213] delvr_code_file: sfw/bash/futu-py-conffi/tests/create-full-7z-package.test.sh 
 [INFO ] 2016.12.29-15:42:16 [futu-py-conffi][@doc-pub-host] [8213] delvr_doc_file: docs/txt/futu-py-conffi/helps/create-full-7z-package.help.txt 
 [INFO ] 2016.12.29-15:42:16 [futu-py-conffi][@doc-pub-host] [8213] delvr_code_file: sfw/bash/futu-py-conffi/helps/create-full-7z-package.help.sh 
 [INFO ] 2016.12.29-15:42:16 [futu-py-conffi][@doc-pub-host] [8213] delvr_doc_file: docs/txt/futu-py-conffi/specs/create-full-package.spec.txt 
 [INFO ] 2016.12.29-15:42:16 [futu-py-conffi][@doc-pub-host] [8213] delvr_code_file: sfw/bash/futu-py-conffi/specs/create-full-package.spec.sh 
 [INFO ] 2016.12.29-15:42:16 [futu-py-conffi][@doc-pub-host] [8213] delvr_doc_file: docs/txt/futu-py-conffi/funcs/create-full-package.func.txt 
 [INFO ] 2016.12.29-15:42:16 [futu-py-conffi][@doc-pub-host] [8213] delvr_code_file: sfw/bash/futu-py-conffi/funcs/create-full-package.func.sh 
 [INFO ] 2016.12.29-15:42:16 [futu-py-conffi][@doc-pub-host] [8213] delvr_doc_file: docs/txt/futu-py-conffi/tests/create-full-package.test.txt 
 [INFO ] 2016.12.29-15:42:16 [futu-py-conffi][@doc-pub-host] [8213] delvr_code_file: sfw/bash/futu-py-conffi/tests/create-full-package.test.sh 
 [INFO ] 2016.12.29-15:42:16 [futu-py-conffi][@doc-pub-host] [8213] delvr_doc_file: docs/txt/futu-py-conffi/helps/create-full-package.help.txt 
 [INFO ] 2016.12.29-15:42:16 [futu-py-conffi][@doc-pub-host] [8213] delvr_code_file: sfw/bash/futu-py-conffi/helps/create-full-package.help.sh 
 [INFO ] 2016.12.29-15:42:16 [futu-py-conffi][@doc-pub-host] [8213] delvr_doc_file: docs/txt/futu-py-conffi/specs/create-relative-7z-package.spec.txt 
 [INFO ] 2016.12.29-15:42:16 [futu-py-conffi][@doc-pub-host] [8213] delvr_code_file: sfw/bash/futu-py-conffi/specs/create-relative-7z-package.spec.sh 
 [INFO ] 2016.12.29-15:42:16 [futu-py-conffi][@doc-pub-host] [8213] delvr_doc_file: docs/txt/futu-py-conffi/funcs/create-relative-7z-package.func.txt 
 [INFO ] 2016.12.29-15:42:16 [futu-py-conffi][@doc-pub-host] [8213] delvr_code_file: sfw/bash/futu-py-conffi/funcs/create-relative-7z-package.func.sh 
 [INFO ] 2016.12.29-15:42:16 [futu-py-conffi][@doc-pub-host] [8213] delvr_doc_file: docs/txt/futu-py-conffi/tests/create-relative-7z-package.test.txt 
 [INFO ] 2016.12.29-15:42:16 [futu-py-conffi][@doc-pub-host] [8213] delvr_code_file: sfw/bash/futu-py-conffi/tests/create-relative-7z-package.test.sh 
 [INFO ] 2016.12.29-15:42:16 [futu-py-conffi][@doc-pub-host] [8213] delvr_doc_file: docs/txt/futu-py-conffi/helps/create-relative-7z-package.help.txt 
 [INFO ] 2016.12.29-15:42:16 [futu-py-conffi][@doc-pub-host] [8213] delvr_code_file: sfw/bash/futu-py-conffi/helps/create-relative-7z-package.help.sh 
 [INFO ] 2016.12.29-15:42:16 [futu-py-conffi][@doc-pub-host] [8213] delvr_doc_file: docs/txt/futu-py-conffi/specs/create-relative-package.spec.txt 
 [INFO ] 2016.12.29-15:42:16 [futu-py-conffi][@doc-pub-host] [8213] delvr_code_file: sfw/bash/futu-py-conffi/specs/create-relative-package.spec.sh 
 [INFO ] 2016.12.29-15:42:16 [futu-py-conffi][@doc-pub-host] [8213] delvr_doc_file: docs/txt/futu-py-conffi/funcs/create-relative-package.func.txt 
 [INFO ] 2016.12.29-15:42:16 [futu-py-conffi][@doc-pub-host] [8213] delvr_code_file: sfw/bash/futu-py-conffi/funcs/create-relative-package.func.sh 
 [INFO ] 2016.12.29-15:42:16 [futu-py-conffi][@doc-pub-host] [8213] delvr_doc_file: docs/txt/futu-py-conffi/tests/create-relative-package.test.txt 
 [INFO ] 2016.12.29-15:42:16 [futu-py-conffi][@doc-pub-host] [8213] delvr_code_file: sfw/bash/futu-py-conffi/tests/create-relative-package.test.sh 
 [INFO ] 2016.12.29-15:42:16 [futu-py-conffi][@doc-pub-host] [8213] delvr_doc_file: docs/txt/futu-py-conffi/helps/create-relative-package.help.txt 
 [INFO ] 2016.12.29-15:42:16 [futu-py-conffi][@doc-pub-host] [8213] delvr_code_file: sfw/bash/futu-py-conffi/helps/create-relative-package.help.sh 
 [INFO ] 2016.12.29-15:42:16 [futu-py-conffi][@doc-pub-host] [8213] delvr_doc_file: docs/txt/futu-py-conffi/specs/clone-to-app.spec.txt 
 [INFO ] 2016.12.29-15:42:16 [futu-py-conffi][@doc-pub-host] [8213] delvr_code_file: sfw/bash/futu-py-conffi/specs/clone-to-app.spec.sh 
 [INFO ] 2016.12.29-15:42:16 [futu-py-conffi][@doc-pub-host] [8213] delvr_doc_file: docs/txt/futu-py-conffi/funcs/clone-to-app.func.txt 
 [INFO ] 2016.12.29-15:42:16 [futu-py-conffi][@doc-pub-host] [8213] delvr_code_file: sfw/bash/futu-py-conffi/funcs/clone-to-app.func.sh 
 [INFO ] 2016.12.29-15:42:17 [futu-py-conffi][@doc-pub-host] [8213] delvr_doc_file: docs/txt/futu-py-conffi/tests/clone-to-app.test.txt 
 [INFO ] 2016.12.29-15:42:17 [futu-py-conffi][@doc-pub-host] [8213] delvr_code_file: sfw/bash/futu-py-conffi/tests/clone-to-app.test.sh 
 [INFO ] 2016.12.29-15:42:17 [futu-py-conffi][@doc-pub-host] [8213] delvr_doc_file: docs/txt/futu-py-conffi/helps/clone-to-app.help.txt 
 [INFO ] 2016.12.29-15:42:17 [futu-py-conffi][@doc-pub-host] [8213] delvr_code_file: sfw/bash/futu-py-conffi/helps/clone-to-app.help.sh 
 [INFO ] 2016.12.29-15:42:17 [futu-py-conffi][@doc-pub-host] [8213] delvr_doc_file: docs/txt/futu-py-conffi/specs/gmail-package.spec.txt 
 [INFO ] 2016.12.29-15:42:17 [futu-py-conffi][@doc-pub-host] [8213] delvr_code_file: sfw/bash/futu-py-conffi/specs/gmail-package.spec.sh 
 [INFO ] 2016.12.29-15:42:17 [futu-py-conffi][@doc-pub-host] [8213] delvr_doc_file: docs/txt/futu-py-conffi/funcs/gmail-package.func.txt 
 [INFO ] 2016.12.29-15:42:17 [futu-py-conffi][@doc-pub-host] [8213] delvr_code_file: sfw/bash/futu-py-conffi/funcs/gmail-package.func.sh 
 [INFO ] 2016.12.29-15:42:17 [futu-py-conffi][@doc-pub-host] [8213] delvr_doc_file: docs/txt/futu-py-conffi/tests/gmail-package.test.txt 
 [INFO ] 2016.12.29-15:42:17 [futu-py-conffi][@doc-pub-host] [8213] delvr_code_file: sfw/bash/futu-py-conffi/tests/gmail-package.test.sh 
 [INFO ] 2016.12.29-15:42:17 [futu-py-conffi][@doc-pub-host] [8213] delvr_doc_file: docs/txt/futu-py-conffi/helps/gmail-package.help.txt 
 [INFO ] 2016.12.29-15:42:17 [futu-py-conffi][@doc-pub-host] [8213] delvr_code_file: sfw/bash/futu-py-conffi/helps/gmail-package.help.sh 
 [INFO ] 2016.12.29-15:42:17 [futu-py-conffi][@doc-pub-host] [8213] delvr_doc_file: docs/txt/futu-py-conffi/specs/morph-dir.spec.txt 
 [INFO ] 2016.12.29-15:42:17 [futu-py-conffi][@doc-pub-host] [8213] delvr_code_file: sfw/bash/futu-py-conffi/specs/morph-dir.spec.sh 
 [INFO ] 2016.12.29-15:42:17 [futu-py-conffi][@doc-pub-host] [8213] delvr_doc_file: docs/txt/futu-py-conffi/funcs/morph-dir.func.txt 
 [INFO ] 2016.12.29-15:42:17 [futu-py-conffi][@doc-pub-host] [8213] delvr_code_file: sfw/bash/futu-py-conffi/funcs/morph-dir.func.sh 
 [INFO ] 2016.12.29-15:42:17 [futu-py-conffi][@doc-pub-host] [8213] delvr_doc_file: docs/txt/futu-py-conffi/tests/morph-dir.test.txt 
 [INFO ] 2016.12.29-15:42:17 [futu-py-conffi][@doc-pub-host] [8213] delvr_code_file: sfw/bash/futu-py-conffi/tests/morph-dir.test.sh 
 [INFO ] 2016.12.29-15:42:17 [futu-py-conffi][@doc-pub-host] [8213] delvr_doc_file: docs/txt/futu-py-conffi/helps/morph-dir.help.txt 
 [INFO ] 2016.12.29-15:42:17 [futu-py-conffi][@doc-pub-host] [8213] delvr_code_file: sfw/bash/futu-py-conffi/helps/morph-dir.help.sh 
 [INFO ] 2016.12.29-15:42:17 [futu-py-conffi][@doc-pub-host] [8213] delvr_doc_file: docs/txt/futu-py-conffi/specs/change-env-type.spec.txt 
 [INFO ] 2016.12.29-15:42:17 [futu-py-conffi][@doc-pub-host] [8213] delvr_code_file: sfw/bash/futu-py-conffi/specs/change-env-type.spec.sh 
 [INFO ] 2016.12.29-15:42:17 [futu-py-conffi][@doc-pub-host] [8213] delvr_doc_file: docs/txt/futu-py-conffi/funcs/change-env-type.func.txt 
 [INFO ] 2016.12.29-15:42:17 [futu-py-conffi][@doc-pub-host] [8213] delvr_code_file: sfw/bash/futu-py-conffi/funcs/change-env-type.func.sh 
 [INFO ] 2016.12.29-15:42:17 [futu-py-conffi][@doc-pub-host] [8213] delvr_doc_file: docs/txt/futu-py-conffi/tests/change-env-type.test.txt 
 [INFO ] 2016.12.29-15:42:17 [futu-py-conffi][@doc-pub-host] [8213] delvr_code_file: sfw/bash/futu-py-conffi/tests/change-env-type.test.sh 
 [INFO ] 2016.12.29-15:42:17 [futu-py-conffi][@doc-pub-host] [8213] delvr_doc_file: docs/txt/futu-py-conffi/helps/change-env-type.help.txt 
 [INFO ] 2016.12.29-15:42:17 [futu-py-conffi][@doc-pub-host] [8213] delvr_code_file: sfw/bash/futu-py-conffi/helps/change-env-type.help.sh 
 [INFO ] 2016.12.29-15:42:17 [futu-py-conffi][@doc-pub-host] [8213] delvr_doc_file: docs/txt/futu-py-conffi/specs/change-version.spec.txt 
 [INFO ] 2016.12.29-15:42:17 [futu-py-conffi][@doc-pub-host] [8213] delvr_code_file: sfw/bash/futu-py-conffi/specs/change-version.spec.sh 
 [INFO ] 2016.12.29-15:42:17 [futu-py-conffi][@doc-pub-host] [8213] delvr_doc_file: docs/txt/futu-py-conffi/funcs/change-version.func.txt 
 [INFO ] 2016.12.29-15:42:17 [futu-py-conffi][@doc-pub-host] [8213] delvr_code_file: sfw/bash/futu-py-conffi/funcs/change-version.func.sh 
 [INFO ] 2016.12.29-15:42:17 [futu-py-conffi][@doc-pub-host] [8213] delvr_doc_file: docs/txt/futu-py-conffi/tests/change-version.test.txt 
 [INFO ] 2016.12.29-15:42:17 [futu-py-conffi][@doc-pub-host] [8213] delvr_code_file: sfw/bash/futu-py-conffi/tests/change-version.test.sh 
 [INFO ] 2016.12.29-15:42:17 [futu-py-conffi][@doc-pub-host] [8213] delvr_doc_file: docs/txt/futu-py-conffi/helps/change-version.help.txt 
 [INFO ] 2016.12.29-15:42:17 [futu-py-conffi][@doc-pub-host] [8213] delvr_code_file: sfw/bash/futu-py-conffi/helps/change-version.help.sh 
 [INFO ] 2016.12.29-15:42:17 [futu-py-conffi][@doc-pub-host] [8213] delvr_doc_file: docs/txt/futu-py-conffi/specs/restore-tmux-session.spec.txt 
 [INFO ] 2016.12.29-15:42:17 [futu-py-conffi][@doc-pub-host] [8213] delvr_code_file: sfw/bash/futu-py-conffi/specs/restore-tmux-session.spec.sh 
 [INFO ] 2016.12.29-15:42:17 [futu-py-conffi][@doc-pub-host] [8213] delvr_doc_file: docs/txt/futu-py-conffi/funcs/restore-tmux-session.func.txt 
 [INFO ] 2016.12.29-15:42:17 [futu-py-conffi][@doc-pub-host] [8213] delvr_code_file: sfw/bash/futu-py-conffi/funcs/restore-tmux-session.func.sh 
 [INFO ] 2016.12.29-15:42:17 [futu-py-conffi][@doc-pub-host] [8213] delvr_doc_file: docs/txt/futu-py-conffi/tests/restore-tmux-session.test.txt 
 [INFO ] 2016.12.29-15:42:17 [futu-py-conffi][@doc-pub-host] [8213] delvr_code_file: sfw/bash/futu-py-conffi/tests/restore-tmux-session.test.sh 
 [INFO ] 2016.12.29-15:42:18 [futu-py-conffi][@doc-pub-host] [8213] delvr_doc_file: docs/txt/futu-py-conffi/helps/restore-tmux-session.help.txt 
 [INFO ] 2016.12.29-15:42:18 [futu-py-conffi][@doc-pub-host] [8213] delvr_code_file: sfw/bash/futu-py-conffi/helps/restore-tmux-session.help.sh 
 [INFO ] 2016.12.29-15:42:18 [futu-py-conffi][@doc-pub-host] [8213] delvr_doc_file: docs/txt/futu-py-conffi/specs/generate-action-files.spec.txt 
 [INFO ] 2016.12.29-15:42:18 [futu-py-conffi][@doc-pub-host] [8213] delvr_code_file: sfw/bash/futu-py-conffi/specs/generate-action-files.spec.sh 
 [INFO ] 2016.12.29-15:42:18 [futu-py-conffi][@doc-pub-host] [8213] delvr_doc_file: docs/txt/futu-py-conffi/funcs/generate-action-files.func.txt 
 [INFO ] 2016.12.29-15:42:18 [futu-py-conffi][@doc-pub-host] [8213] delvr_code_file: sfw/bash/futu-py-conffi/funcs/generate-action-files.func.sh 
 [INFO ] 2016.12.29-15:42:18 [futu-py-conffi][@doc-pub-host] [8213] delvr_doc_file: docs/txt/futu-py-conffi/tests/generate-action-files.test.txt 
 [INFO ] 2016.12.29-15:42:18 [futu-py-conffi][@doc-pub-host] [8213] delvr_code_file: sfw/bash/futu-py-conffi/tests/generate-action-files.test.sh 
 [INFO ] 2016.12.29-15:42:18 [futu-py-conffi][@doc-pub-host] [8213] delvr_doc_file: docs/txt/futu-py-conffi/helps/generate-action-files.help.txt 
 [INFO ] 2016.12.29-15:42:18 [futu-py-conffi][@doc-pub-host] [8213] delvr_code_file: sfw/bash/futu-py-conffi/helps/generate-action-files.help.sh 
 [INFO ] 2016.12.29-15:42:18 [futu-py-conffi][@doc-pub-host] [8213] delvr_doc_file: docs/txt/futu-py-conffi/specs/remove-action-files.spec.txt 
 [INFO ] 2016.12.29-15:42:18 [futu-py-conffi][@doc-pub-host] [8213] delvr_code_file: sfw/bash/futu-py-conffi/specs/remove-action-files.spec.sh 
 [INFO ] 2016.12.29-15:42:18 [futu-py-conffi][@doc-pub-host] [8213] delvr_doc_file: docs/txt/futu-py-conffi/funcs/remove-action-files.func.txt 
 [INFO ] 2016.12.29-15:42:18 [futu-py-conffi][@doc-pub-host] [8213] delvr_code_file: sfw/bash/futu-py-conffi/funcs/remove-action-files.func.sh 
 [INFO ] 2016.12.29-15:42:18 [futu-py-conffi][@doc-pub-host] [8213] delvr_doc_file: docs/txt/futu-py-conffi/tests/remove-action-files.test.txt 
 [INFO ] 2016.12.29-15:42:18 [futu-py-conffi][@doc-pub-host] [8213] delvr_code_file: sfw/bash/futu-py-conffi/tests/remove-action-files.test.sh 
 [INFO ] 2016.12.29-15:42:18 [futu-py-conffi][@doc-pub-host] [8213] delvr_doc_file: docs/txt/futu-py-conffi/helps/remove-action-files.help.txt 
 [INFO ] 2016.12.29-15:42:18 [futu-py-conffi][@doc-pub-host] [8213] delvr_code_file: sfw/bash/futu-py-conffi/helps/remove-action-files.help.sh 
 [INFO ] 2016.12.29-15:42:18 [futu-py-conffi][@doc-pub-host] [8213] delvr_doc_file: docs/txt/futu-py-conffi/specs/create-ctags.spec.txt 
 [INFO ] 2016.12.29-15:42:18 [futu-py-conffi][@doc-pub-host] [8213] delvr_code_file: sfw/bash/futu-py-conffi/specs/create-ctags.spec.sh 
 [INFO ] 2016.12.29-15:42:18 [futu-py-conffi][@doc-pub-host] [8213] delvr_doc_file: docs/txt/futu-py-conffi/funcs/create-ctags.func.txt 
 [INFO ] 2016.12.29-15:42:18 [futu-py-conffi][@doc-pub-host] [8213] delvr_code_file: sfw/bash/futu-py-conffi/funcs/create-ctags.func.sh 
 [INFO ] 2016.12.29-15:42:18 [futu-py-conffi][@doc-pub-host] [8213] delvr_doc_file: docs/txt/futu-py-conffi/tests/create-ctags.test.txt 
 [INFO ] 2016.12.29-15:42:18 [futu-py-conffi][@doc-pub-host] [8213] delvr_code_file: sfw/bash/futu-py-conffi/tests/create-ctags.test.sh 
 [INFO ] 2016.12.29-15:42:18 [futu-py-conffi][@doc-pub-host] [8213] delvr_doc_file: docs/txt/futu-py-conffi/helps/create-ctags.help.txt 
 [INFO ] 2016.12.29-15:42:18 [futu-py-conffi][@doc-pub-host] [8213] delvr_code_file: sfw/bash/futu-py-conffi/helps/create-ctags.help.sh 
 [INFO ] 2016.12.29-15:42:18 [futu-py-conffi][@doc-pub-host] [8213] delvr_doc_file: docs/txt/futu-py-conffi/specs/remove-package.spec.txt 
 [INFO ] 2016.12.29-15:42:18 [futu-py-conffi][@doc-pub-host] [8213] delvr_code_file: sfw/bash/futu-py-conffi/specs/remove-package.spec.sh 
 [INFO ] 2016.12.29-15:42:18 [futu-py-conffi][@doc-pub-host] [8213] delvr_doc_file: docs/txt/futu-py-conffi/funcs/remove-package.func.txt 
 [INFO ] 2016.12.29-15:42:18 [futu-py-conffi][@doc-pub-host] [8213] delvr_code_file: sfw/bash/futu-py-conffi/funcs/remove-package.func.sh 
 [INFO ] 2016.12.29-15:42:18 [futu-py-conffi][@doc-pub-host] [8213] delvr_doc_file: docs/txt/futu-py-conffi/tests/remove-package.test.txt 
 [INFO ] 2016.12.29-15:42:18 [futu-py-conffi][@doc-pub-host] [8213] delvr_code_file: sfw/bash/futu-py-conffi/tests/remove-package.test.sh 
 [INFO ] 2016.12.29-15:42:18 [futu-py-conffi][@doc-pub-host] [8213] delvr_doc_file: docs/txt/futu-py-conffi/helps/remove-package.help.txt 
 [INFO ] 2016.12.29-15:42:18 [futu-py-conffi][@doc-pub-host] [8213] delvr_code_file: sfw/bash/futu-py-conffi/helps/remove-package.help.sh 
 [INFO ] 2016.12.29-15:42:18 [futu-py-conffi][@doc-pub-host] [8213] delvr_doc_file: docs/txt/futu-py-conffi/specs/backup-file.spec.txt 
 [INFO ] 2016.12.29-15:42:18 [futu-py-conffi][@doc-pub-host] [8213] delvr_code_file: sfw/bash/futu-py-conffi/specs/backup-file.spec.sh 
 [INFO ] 2016.12.29-15:42:18 [futu-py-conffi][@doc-pub-host] [8213] delvr_doc_file: docs/txt/futu-py-conffi/funcs/backup-file.func.txt 
 [INFO ] 2016.12.29-15:42:18 [futu-py-conffi][@doc-pub-host] [8213] delvr_code_file: sfw/bash/futu-py-conffi/funcs/backup-file.func.sh 
 [INFO ] 2016.12.29-15:42:18 [futu-py-conffi][@doc-pub-host] [8213] delvr_doc_file: docs/txt/futu-py-conffi/tests/backup-file.test.txt 
 [INFO ] 2016.12.29-15:42:18 [futu-py-conffi][@doc-pub-host] [8213] delvr_code_file: sfw/bash/futu-py-conffi/tests/backup-file.test.sh 
 [INFO ] 2016.12.29-15:42:18 [futu-py-conffi][@doc-pub-host] [8213] delvr_doc_file: docs/txt/futu-py-conffi/helps/backup-file.help.txt 
 [INFO ] 2016.12.29-15:42:18 [futu-py-conffi][@doc-pub-host] [8213] delvr_code_file: sfw/bash/futu-py-conffi/helps/backup-file.help.sh 
 [INFO ] 2016.12.29-15:42:19 [futu-py-conffi][@doc-pub-host] [8213] delvr_doc_file: docs/txt/futu-py-conffi/specs/remove-package-files.spec.txt 
 [INFO ] 2016.12.29-15:42:19 [futu-py-conffi][@doc-pub-host] [8213] delvr_code_file: sfw/bash/futu-py-conffi/specs/remove-package-files.spec.sh 
 [INFO ] 2016.12.29-15:42:19 [futu-py-conffi][@doc-pub-host] [8213] delvr_doc_file: docs/txt/futu-py-conffi/funcs/remove-package-files.func.txt 
 [INFO ] 2016.12.29-15:42:19 [futu-py-conffi][@doc-pub-host] [8213] delvr_code_file: sfw/bash/futu-py-conffi/funcs/remove-package-files.func.sh 
 [INFO ] 2016.12.29-15:42:19 [futu-py-conffi][@doc-pub-host] [8213] delvr_doc_file: docs/txt/futu-py-conffi/tests/remove-package-files.test.txt 
 [INFO ] 2016.12.29-15:42:19 [futu-py-conffi][@doc-pub-host] [8213] delvr_code_file: sfw/bash/futu-py-conffi/tests/remove-package-files.test.sh 
 [INFO ] 2016.12.29-15:42:19 [futu-py-conffi][@doc-pub-host] [8213] delvr_doc_file: docs/txt/futu-py-conffi/helps/remove-package-files.help.txt 
 [INFO ] 2016.12.29-15:42:19 [futu-py-conffi][@doc-pub-host] [8213] delvr_code_file: sfw/bash/futu-py-conffi/helps/remove-package-files.help.sh 
 [INFO ] 2016.12.29-15:42:19 [futu-py-conffi][@doc-pub-host] [8213] delvr_doc_file: docs/txt/futu-py-conffi/specs/tmux-common.spec.txt 
 [INFO ] 2016.12.29-15:42:19 [futu-py-conffi][@doc-pub-host] [8213] delvr_code_file: sfw/bash/futu-py-conffi/specs/tmux-common.spec.sh 
 [INFO ] 2016.12.29-15:42:19 [futu-py-conffi][@doc-pub-host] [8213] delvr_doc_file: docs/txt/futu-py-conffi/funcs/tmux-common.func.txt 
 [INFO ] 2016.12.29-15:42:19 [futu-py-conffi][@doc-pub-host] [8213] delvr_code_file: sfw/bash/futu-py-conffi/funcs/tmux-common.func.sh 
 [INFO ] 2016.12.29-15:42:19 [futu-py-conffi][@doc-pub-host] [8213] delvr_doc_file: docs/txt/futu-py-conffi/tests/tmux-common.test.txt 
 [INFO ] 2016.12.29-15:42:19 [futu-py-conffi][@doc-pub-host] [8213] delvr_code_file: sfw/bash/futu-py-conffi/tests/tmux-common.test.sh 
 [INFO ] 2016.12.29-15:42:19 [futu-py-conffi][@doc-pub-host] [8213] delvr_doc_file: docs/txt/futu-py-conffi/helps/tmux-common.help.txt 
 [INFO ] 2016.12.29-15:42:19 [futu-py-conffi][@doc-pub-host] [8213] delvr_code_file: sfw/bash/futu-py-conffi/helps/tmux-common.help.sh 
 [INFO ] 2016.12.29-15:42:19 [futu-py-conffi][@doc-pub-host] [8213] delvr_doc_file: docs/txt/futu-py-conffi/specs/action-to-remove.spec.txt 
 [INFO ] 2016.12.29-15:42:19 [futu-py-conffi][@doc-pub-host] [8213] delvr_code_file: sfw/bash/futu-py-conffi/specs/action-to-remove.spec.sh 
 [INFO ] 2016.12.29-15:42:19 [futu-py-conffi][@doc-pub-host] [8213] delvr_doc_file: docs/txt/futu-py-conffi/funcs/action-to-remove.func.txt 
 [INFO ] 2016.12.29-15:42:19 [futu-py-conffi][@doc-pub-host] [8213] delvr_code_file: sfw/bash/futu-py-conffi/funcs/action-to-remove.func.sh 
 [INFO ] 2016.12.29-15:42:19 [futu-py-conffi][@doc-pub-host] [8213] delvr_doc_file: docs/txt/futu-py-conffi/tests/action-to-remove.test.txt 
 [INFO ] 2016.12.29-15:42:19 [futu-py-conffi][@doc-pub-host] [8213] delvr_code_file: sfw/bash/futu-py-conffi/tests/action-to-remove.test.sh 
 [INFO ] 2016.12.29-15:42:19 [futu-py-conffi][@doc-pub-host] [8213] delvr_doc_file: docs/txt/futu-py-conffi/helps/action-to-remove.help.txt 
 [INFO ] 2016.12.29-15:42:19 [futu-py-conffi][@doc-pub-host] [8213] delvr_code_file: sfw/bash/futu-py-conffi/helps/action-to-remove.help.sh 
 [INFO ] 2016.12.29-15:42:19 [futu-py-conffi][@doc-pub-host] [8213] delvr_doc_file: docs/txt/futu-py-conffi/specs/print-help.spec.txt 
 [INFO ] 2016.12.29-15:42:19 [futu-py-conffi][@doc-pub-host] [8213] delvr_code_file: sfw/bash/futu-py-conffi/specs/print-help.spec.sh 
 [INFO ] 2016.12.29-15:42:19 [futu-py-conffi][@doc-pub-host] [8213] delvr_doc_file: docs/txt/futu-py-conffi/funcs/print-help.func.txt 
 [INFO ] 2016.12.29-15:42:20 [futu-py-conffi][@doc-pub-host] [8213] delvr_code_file: sfw/bash/futu-py-conffi/funcs/print-help.func.sh 
 [INFO ] 2016.12.29-15:42:20 [futu-py-conffi][@doc-pub-host] [8213] delvr_doc_file: docs/txt/futu-py-conffi/tests/print-help.test.txt 
 [INFO ] 2016.12.29-15:42:20 [futu-py-conffi][@doc-pub-host] [8213] delvr_code_file: sfw/bash/futu-py-conffi/tests/print-help.test.sh 
 [INFO ] 2016.12.29-15:42:20 [futu-py-conffi][@doc-pub-host] [8213] delvr_doc_file: docs/txt/futu-py-conffi/helps/print-help.help.txt 
 [INFO ] 2016.12.29-15:42:20 [futu-py-conffi][@doc-pub-host] [8213] delvr_code_file: sfw/bash/futu-py-conffi/helps/print-help.help.sh 
 [INFO ] 2016.12.29-15:42:20 [futu-py-conffi][@doc-pub-host] [8213] delvr_doc_file: docs/txt/futu-py-conffi/specs/print-usage.spec.txt 
 [INFO ] 2016.12.29-15:42:20 [futu-py-conffi][@doc-pub-host] [8213] delvr_code_file: sfw/bash/futu-py-conffi/specs/print-usage.spec.sh 
 [INFO ] 2016.12.29-15:42:20 [futu-py-conffi][@doc-pub-host] [8213] delvr_doc_file: docs/txt/futu-py-conffi/funcs/print-usage.func.txt 
 [INFO ] 2016.12.29-15:42:20 [futu-py-conffi][@doc-pub-host] [8213] delvr_code_file: sfw/bash/futu-py-conffi/funcs/print-usage.func.sh 
 [INFO ] 2016.12.29-15:42:20 [futu-py-conffi][@doc-pub-host] [8213] delvr_doc_file: docs/txt/futu-py-conffi/tests/print-usage.test.txt 
 [INFO ] 2016.12.29-15:42:20 [futu-py-conffi][@doc-pub-host] [8213] delvr_code_file: sfw/bash/futu-py-conffi/tests/print-usage.test.sh 
 [INFO ] 2016.12.29-15:42:20 [futu-py-conffi][@doc-pub-host] [8213] delvr_doc_file: docs/txt/futu-py-conffi/helps/print-usage.help.txt 
 [INFO ] 2016.12.29-15:42:20 [futu-py-conffi][@doc-pub-host] [8213] delvr_code_file: sfw/bash/futu-py-conffi/helps/print-usage.help.sh 
 [INFO ] 2016.12.29-15:42:20 [futu-py-conffi][@doc-pub-host] [8213] delvr_doc_file: docs/txt/futu-py-conffi/specs/run-python.spec.txt 
 [INFO ] 2016.12.29-15:42:20 [futu-py-conffi][@doc-pub-host] [8213] delvr_code_file: sfw/bash/futu-py-conffi/specs/run-python.spec.sh 
 [INFO ] 2016.12.29-15:42:20 [futu-py-conffi][@doc-pub-host] [8213] delvr_doc_file: docs/txt/futu-py-conffi/funcs/run-python.func.txt 
 [INFO ] 2016.12.29-15:42:20 [futu-py-conffi][@doc-pub-host] [8213] delvr_code_file: sfw/bash/futu-py-conffi/funcs/run-python.func.sh 
 [INFO ] 2016.12.29-15:42:20 [futu-py-conffi][@doc-pub-host] [8213] delvr_doc_file: docs/txt/futu-py-conffi/tests/run-python.test.txt 
 [INFO ] 2016.12.29-15:42:20 [futu-py-conffi][@doc-pub-host] [8213] delvr_code_file: sfw/bash/futu-py-conffi/tests/run-python.test.sh 
 [INFO ] 2016.12.29-15:42:20 [futu-py-conffi][@doc-pub-host] [8213] delvr_doc_file: docs/txt/futu-py-conffi/helps/run-python.help.txt 
 [INFO ] 2016.12.29-15:42:20 [futu-py-conffi][@doc-pub-host] [8213] delvr_code_file: sfw/bash/futu-py-conffi/helps/run-python.help.sh 
 [INFO ] 2016.12.29-15:42:20 [futu-py-conffi][@doc-pub-host] [8213] delvr_doc_file: docs/txt/futu-py-conffi/specs/check-python-syntax.spec.txt 
 [INFO ] 2016.12.29-15:42:20 [futu-py-conffi][@doc-pub-host] [8213] delvr_code_file: sfw/bash/futu-py-conffi/specs/check-python-syntax.spec.sh 
 [INFO ] 2016.12.29-15:42:20 [futu-py-conffi][@doc-pub-host] [8213] delvr_doc_file: docs/txt/futu-py-conffi/funcs/check-python-syntax.func.txt 
 [INFO ] 2016.12.29-15:42:20 [futu-py-conffi][@doc-pub-host] [8213] delvr_code_file: sfw/bash/futu-py-conffi/funcs/check-python-syntax.func.sh 
 [INFO ] 2016.12.29-15:42:20 [futu-py-conffi][@doc-pub-host] [8213] delvr_doc_file: docs/txt/futu-py-conffi/tests/check-python-syntax.test.txt 
 [INFO ] 2016.12.29-15:42:20 [futu-py-conffi][@doc-pub-host] [8213] delvr_code_file: sfw/bash/futu-py-conffi/tests/check-python-syntax.test.sh 
 [INFO ] 2016.12.29-15:42:20 [futu-py-conffi][@doc-pub-host] [8213] delvr_doc_file: docs/txt/futu-py-conffi/helps/check-python-syntax.help.txt 
 [INFO ] 2016.12.29-15:42:20 [futu-py-conffi][@doc-pub-host] [8213] delvr_code_file: sfw/bash/futu-py-conffi/helps/check-python-syntax.help.sh 
 [INFO ] 2016.12.29-15:42:20 [futu-py-conffi][@doc-pub-host] [8213] delvr_doc_file: docs/txt/futu-py-conffi/specs/fail-run-python.spec.txt 
 [INFO ] 2016.12.29-15:42:20 [futu-py-conffi][@doc-pub-host] [8213] delvr_code_file: sfw/bash/futu-py-conffi/specs/fail-run-python.spec.sh 
 [INFO ] 2016.12.29-15:42:20 [futu-py-conffi][@doc-pub-host] [8213] delvr_doc_file: docs/txt/futu-py-conffi/funcs/fail-run-python.func.txt 
 [INFO ] 2016.12.29-15:42:20 [futu-py-conffi][@doc-pub-host] [8213] delvr_code_file: sfw/bash/futu-py-conffi/funcs/fail-run-python.func.sh 
 [INFO ] 2016.12.29-15:42:20 [futu-py-conffi][@doc-pub-host] [8213] delvr_doc_file: docs/txt/futu-py-conffi/tests/fail-run-python.test.txt 
 [INFO ] 2016.12.29-15:42:20 [futu-py-conffi][@doc-pub-host] [8213] delvr_code_file: sfw/bash/futu-py-conffi/tests/fail-run-python.test.sh 
 [INFO ] 2016.12.29-15:42:21 [futu-py-conffi][@doc-pub-host] [8213] delvr_doc_file: docs/txt/futu-py-conffi/helps/fail-run-python.help.txt 
 [INFO ] 2016.12.29-15:42:21 [futu-py-conffi][@doc-pub-host] [8213] delvr_code_file: sfw/bash/futu-py-conffi/helps/fail-run-python.help.sh 
 [INFO ] 2016.12.29-15:42:21 [futu-py-conffi][@doc-pub-host] [8213] 0 # = STOP MAIN = futu-py-conffi 
 [INFO ] 2016.12.29-15:53:04 [futu-py-conffi][@doc-pub-host] [15231] # -------------------------------------- 
 [INFO ] 2016.12.29-15:53:04 [futu-py-conffi][@doc-pub-host] [15231] # ----------------------- 
 [INFO ] 2016.12.29-15:53:04 [futu-py-conffi][@doc-pub-host] [15231] # === START MAIN === futu-py-conffi 
 [INFO ] 2016.12.29-15:53:04 [futu-py-conffi][@doc-pub-host] [15231] # ----------------------- 
 [INFO ] 2016.12.29-15:53:04 [futu-py-conffi][@doc-pub-host] [15231] # -------------------------------------- 
 [INFO ] 2016.12.29-15:53:04 [futu-py-conffi][@doc-pub-host] [15231] using the following vars: 
 [INFO ] 2016.12.29-15:53:04 [futu-py-conffi][@doc-pub-host] [15231] running action :: fail-run-python:doFailRunPython 
 [INFO ] 2016.12.29-15:53:05 [futu-py-conffi][@doc-pub-host] [15231] 0 # = STOP MAIN = futu-py-conffi 
 [INFO ] 2016.12.29-15:55:51 [futu-py-conffi][@doc-pub-host] [16354] # -------------------------------------- 
 [INFO ] 2016.12.29-15:55:51 [futu-py-conffi][@doc-pub-host] [16354] # ----------------------- 
 [INFO ] 2016.12.29-15:55:51 [futu-py-conffi][@doc-pub-host] [16354] # === START MAIN === futu-py-conffi 
 [INFO ] 2016.12.29-15:55:51 [futu-py-conffi][@doc-pub-host] [16354] # ----------------------- 
 [INFO ] 2016.12.29-15:55:51 [futu-py-conffi][@doc-pub-host] [16354] # -------------------------------------- 
 [INFO ] 2016.12.29-15:55:51 [futu-py-conffi][@doc-pub-host] [16354] using the following vars: 
 [INFO ] 2016.12.29-15:55:51 [futu-py-conffi][@doc-pub-host] [16354] running action :: morph-dir:doMorphDir 
 [INFO ] 2016.12.29-15:55:51 [futu-py-conffi][@doc-pub-host] [16354] ERROR --- exit_code 1 --- exit_msg : 1 You must export to_repl=<<str-to-replace-with>> - it is empty !!! 
 [INFO ] 2016.12.29-15:55:51 [futu-py-conffi][@doc-pub-host] [16354] 0 # = STOP MAIN = futu-py-conffi 
 [INFO ] 2016.12.29-15:56:05 [futu-py-conffi][@doc-pub-host] [17004] # -------------------------------------- 
 [INFO ] 2016.12.29-15:56:05 [futu-py-conffi][@doc-pub-host] [17004] # ----------------------- 
 [INFO ] 2016.12.29-15:56:05 [futu-py-conffi][@doc-pub-host] [17004] # === START MAIN === futu-py-conffi 
 [INFO ] 2016.12.29-15:56:05 [futu-py-conffi][@doc-pub-host] [17004] # ----------------------- 
 [INFO ] 2016.12.29-15:56:05 [futu-py-conffi][@doc-pub-host] [17004] # -------------------------------------- 
 [INFO ] 2016.12.29-15:56:05 [futu-py-conffi][@doc-pub-host] [17004] using the following vars: 
 [INFO ] 2016.12.29-15:56:06 [futu-py-conffi][@doc-pub-host] [17004] running action :: morph-dir:doMorphDir 
 [INFO ] 2016.12.29-15:56:06 [futu-py-conffi][@doc-pub-host] [17004] ERROR --- exit_code 1 --- exit_msg : 1 You must export to_repl=<<str-to-replace-with>> - it is empty !!! 
 [INFO ] 2016.12.29-15:56:06 [futu-py-conffi][@doc-pub-host] [17004] 0 # = STOP MAIN = futu-py-conffi 
 [INFO ] 2016.12.29-15:56:22 [futu-py-conffi][@doc-pub-host] [17656] # -------------------------------------- 
 [INFO ] 2016.12.29-15:56:22 [futu-py-conffi][@doc-pub-host] [17656] # ----------------------- 
 [INFO ] 2016.12.29-15:56:22 [futu-py-conffi][@doc-pub-host] [17656] # === START MAIN === futu-py-conffi 
 [INFO ] 2016.12.29-15:56:22 [futu-py-conffi][@doc-pub-host] [17656] # ----------------------- 
 [INFO ] 2016.12.29-15:56:22 [futu-py-conffi][@doc-pub-host] [17656] # -------------------------------------- 
 [INFO ] 2016.12.29-15:56:22 [futu-py-conffi][@doc-pub-host] [17656] using the following vars: 
 [INFO ] 2016.12.29-15:56:23 [futu-py-conffi][@doc-pub-host] [17656] running action :: morph-dir:doMorphDir 
 [INFO ] 2016.12.29-15:56:23 [futu-py-conffi][@doc-pub-host] [17656] dir_to_morph: . 
 [INFO ] 2016.12.29-15:56:23 [futu-py-conffi][@doc-pub-host] [17656] to_srch:"" 
 [INFO ] 2016.12.29-15:56:23 [futu-py-conffi][@doc-pub-host] [17656] to_repl:"#" 
 [INFO ] 2016.12.29-15:56:25 [futu-py-conffi][@doc-pub-host] [17656] START :: search and replace in non-binary files 
 [INFO ] 2016.12.29-15:56:28 [futu-py-conffi][@doc-pub-host] [17656] STOP :: search and replace in non-binary files 
 [INFO ] 2016.12.29-15:56:28 [futu-py-conffi][@doc-pub-host] [17656] search and replace in dir and file paths dir_to_morph:. 
 [INFO ] 2016.12.29-15:56:28 [futu-py-conffi][@doc-pub-host] [17656] 0 # = STOP MAIN = futu-py-conffi 
 [INFO ] 2016.12.29-15:58:03 [futu-py-conffi][@doc-pub-host] [24099] # -------------------------------------- 
 [INFO ] 2016.12.29-15:58:03 [futu-py-conffi][@doc-pub-host] [24099] # ----------------------- 
 [INFO ] 2016.12.29-15:58:03 [futu-py-conffi][@doc-pub-host] [24099] # === START MAIN === futu-py-conffi 
 [INFO ] 2016.12.29-15:58:03 [futu-py-conffi][@doc-pub-host] [24099] # ----------------------- 
 [INFO ] 2016.12.29-15:58:03 [futu-py-conffi][@doc-pub-host] [24099] # -------------------------------------- 
 [INFO ] 2016.12.29-15:58:03 [futu-py-conffi][@doc-pub-host] [24099] using the following vars: 
 [INFO ] 2016.12.29-15:58:03 [futu-py-conffi][@doc-pub-host] [24099] running action :: fail-run-python:doFailRunPython 
 [INFO ] 2016.12.29-15:58:03 [futu-py-conffi][@doc-pub-host] [24099] START doFailRunPython 
 [START] 2016.12.29-15:58:03 [futu-py-conffi][@doc-pub-host] [24099] call only with url 
 [STOP] 2016.12.29-15:58:04 [futu-py-conffi][@doc-pub-host] [24099] call only with url 
 [START] 2016.12.29-15:58:04 [futu-py-conffi][@doc-pub-host] [24099] call only with worksheet 
 [STOP] 2016.12.29-15:58:04 [futu-py-conffi][@doc-pub-host] [24099] call only with worksheet 
 [START] 2016.12.29-15:58:04 [futu-py-conffi][@doc-pub-host] [24099] call without cmd args 
 [STOP] 2016.12.29-15:58:04 [futu-py-conffi][@doc-pub-host] [24099] call without cmd args 
 [INFO ] 2016.12.29-15:58:04 [futu-py-conffi][@doc-pub-host] [24099] STOP doFailRunPython 
 [INFO ] 2016.12.29-15:58:04 [futu-py-conffi][@doc-pub-host] [24099] 0 # = STOP MAIN = futu-py-conffi 
 [INFO ] 2016.12.29-15:59:45 [futu-py-conffi][@doc-pub-host] [26192] # -------------------------------------- 
 [INFO ] 2016.12.29-15:59:45 [futu-py-conffi][@doc-pub-host] [26192] # ----------------------- 
 [INFO ] 2016.12.29-15:59:45 [futu-py-conffi][@doc-pub-host] [26192] # === START MAIN === futu-py-conffi 
 [INFO ] 2016.12.29-15:59:45 [futu-py-conffi][@doc-pub-host] [26192] # ----------------------- 
 [INFO ] 2016.12.29-15:59:45 [futu-py-conffi][@doc-pub-host] [26192] # -------------------------------------- 
 [INFO ] 2016.12.29-15:59:45 [futu-py-conffi][@doc-pub-host] [26192] using the following vars: 
 [INFO ] 2016.12.29-15:59:45 [futu-py-conffi][@doc-pub-host] [26192] running action :: run-python:doRunPython 
 [INFO ] 2016.12.29-15:59:51 [futu-py-conffi][@doc-pub-host] [26192] 0 # = STOP MAIN = futu-py-conffi 
 [INFO ] 2016.12.29-15:59:51 [futu-py-conffi][@doc-pub-host] [26841] # -------------------------------------- 
 [INFO ] 2016.12.29-15:59:51 [futu-py-conffi][@doc-pub-host] [26841] # ----------------------- 
 [INFO ] 2016.12.29-15:59:51 [futu-py-conffi][@doc-pub-host] [26841] # === START MAIN === futu-py-conffi 
 [INFO ] 2016.12.29-15:59:51 [futu-py-conffi][@doc-pub-host] [26841] # ----------------------- 
 [INFO ] 2016.12.29-15:59:51 [futu-py-conffi][@doc-pub-host] [26841] # -------------------------------------- 
 [INFO ] 2016.12.29-15:59:51 [futu-py-conffi][@doc-pub-host] [26841] using the following vars: 
 [INFO ] 2016.12.29-15:59:51 [futu-py-conffi][@doc-pub-host] [26841] running action :: run-python:doRunPython 
 [INFO ] 2016.12.29-15:59:54 [futu-py-conffi][@doc-pub-host] [26841] 0 # = STOP MAIN = futu-py-conffi 
 [INFO ] 2016.12.29-16:00:16 [futu-py-conffi][@doc-pub-host] [29048] # -------------------------------------- 
 [INFO ] 2016.12.29-16:00:16 [futu-py-conffi][@doc-pub-host] [29048] # ----------------------- 
 [INFO ] 2016.12.29-16:00:16 [futu-py-conffi][@doc-pub-host] [29048] # === START MAIN === futu-py-conffi 
 [INFO ] 2016.12.29-16:00:16 [futu-py-conffi][@doc-pub-host] [29048] # ----------------------- 
 [INFO ] 2016.12.29-16:00:16 [futu-py-conffi][@doc-pub-host] [29048] # -------------------------------------- 
 [INFO ] 2016.12.29-16:00:16 [futu-py-conffi][@doc-pub-host] [29048] using the following vars: 
 [INFO ] 2016.12.29-16:00:16 [futu-py-conffi][@doc-pub-host] [29048] running action :: run-python:doRunPython 
 [INFO ] 2016.12.29-16:00:17 [futu-py-conffi][@doc-pub-host] [29048] 0 # = STOP MAIN = futu-py-conffi 
 [INFO ] 2016.12.29-16:00:17 [futu-py-conffi][@doc-pub-host] [29697] # -------------------------------------- 
 [INFO ] 2016.12.29-16:00:17 [futu-py-conffi][@doc-pub-host] [29697] # ----------------------- 
 [INFO ] 2016.12.29-16:00:17 [futu-py-conffi][@doc-pub-host] [29697] # === START MAIN === futu-py-conffi 
 [INFO ] 2016.12.29-16:00:17 [futu-py-conffi][@doc-pub-host] [29697] # ----------------------- 
 [INFO ] 2016.12.29-16:00:17 [futu-py-conffi][@doc-pub-host] [29697] # -------------------------------------- 
 [INFO ] 2016.12.29-16:00:17 [futu-py-conffi][@doc-pub-host] [29697] using the following vars: 
 [INFO ] 2016.12.29-16:00:17 [futu-py-conffi][@doc-pub-host] [29697] running action :: run-python:doRunPython 
 [INFO ] 2016.12.29-16:00:19 [futu-py-conffi][@doc-pub-host] [29697] 0 # = STOP MAIN = futu-py-conffi 
 [INFO ] 2016.12.29-16:00:53 [futu-py-conffi][@doc-pub-host] [31899] # -------------------------------------- 
 [INFO ] 2016.12.29-16:00:53 [futu-py-conffi][@doc-pub-host] [31899] # ----------------------- 
 [INFO ] 2016.12.29-16:00:53 [futu-py-conffi][@doc-pub-host] [31899] # === START MAIN === futu-py-conffi 
 [INFO ] 2016.12.29-16:00:53 [futu-py-conffi][@doc-pub-host] [31899] # ----------------------- 
 [INFO ] 2016.12.29-16:00:53 [futu-py-conffi][@doc-pub-host] [31899] # -------------------------------------- 
 [INFO ] 2016.12.29-16:00:53 [futu-py-conffi][@doc-pub-host] [31899] using the following vars: 
 [INFO ] 2016.12.29-16:00:53 [futu-py-conffi][@doc-pub-host] [31899] running action :: run-python:doRunPython 
 [INFO ] 2016.12.29-16:00:55 [futu-py-conffi][@doc-pub-host] [31899] 0 # = STOP MAIN = futu-py-conffi 
 [INFO ] 2016.12.29-16:06:36 [futu-py-conffi][@doc-pub-host] [3592] # -------------------------------------- 
 [INFO ] 2016.12.29-16:06:36 [futu-py-conffi][@doc-pub-host] [3592] # ----------------------- 
 [INFO ] 2016.12.29-16:06:36 [futu-py-conffi][@doc-pub-host] [3592] # === START MAIN === futu-py-conffi 
 [INFO ] 2016.12.29-16:06:36 [futu-py-conffi][@doc-pub-host] [3592] # ----------------------- 
 [INFO ] 2016.12.29-16:06:36 [futu-py-conffi][@doc-pub-host] [3592] # -------------------------------------- 
 [INFO ] 2016.12.29-16:06:36 [futu-py-conffi][@doc-pub-host] [3592] using the following vars: 
 [INFO ] 2016.12.29-16:06:36 [futu-py-conffi][@doc-pub-host] [3592] running action :: run-python:doRunPython 
 [INFO ] 2016.12.29-16:06:38 [futu-py-conffi][@doc-pub-host] [3592] 0 # = STOP MAIN = futu-py-conffi 
 [INFO ] 2016.12.29-16:10:31 [futu-py-conffi][@doc-pub-host] [5886] # -------------------------------------- 
 [INFO ] 2016.12.29-16:10:31 [futu-py-conffi][@doc-pub-host] [5886] # ----------------------- 
 [INFO ] 2016.12.29-16:10:31 [futu-py-conffi][@doc-pub-host] [5886] # === START MAIN === futu-py-conffi 
 [INFO ] 2016.12.29-16:10:31 [futu-py-conffi][@doc-pub-host] [5886] # ----------------------- 
 [INFO ] 2016.12.29-16:10:31 [futu-py-conffi][@doc-pub-host] [5886] # -------------------------------------- 
 [INFO ] 2016.12.29-16:10:31 [futu-py-conffi][@doc-pub-host] [5886] using the following vars: 
 [INFO ] 2016.12.29-16:10:31 [futu-py-conffi][@doc-pub-host] [5886] running action :: run-python:doRunPython 
 [INFO ] 2016.12.29-16:10:32 [futu-py-conffi][@doc-pub-host] [5886] 0 # = STOP MAIN = futu-py-conffi 
 [INFO ] 2016.12.29-16:10:47 [futu-py-conffi][@doc-pub-host] [8089] # -------------------------------------- 
 [INFO ] 2016.12.29-16:10:47 [futu-py-conffi][@doc-pub-host] [8089] # ----------------------- 
 [INFO ] 2016.12.29-16:10:48 [futu-py-conffi][@doc-pub-host] [8089] # === START MAIN === futu-py-conffi 
 [INFO ] 2016.12.29-16:10:48 [futu-py-conffi][@doc-pub-host] [8089] # ----------------------- 
 [INFO ] 2016.12.29-16:10:48 [futu-py-conffi][@doc-pub-host] [8089] # -------------------------------------- 
 [INFO ] 2016.12.29-16:10:48 [futu-py-conffi][@doc-pub-host] [8089] using the following vars: 
 [INFO ] 2016.12.29-16:10:48 [futu-py-conffi][@doc-pub-host] [8089] running action :: run-python:doRunPython 
 [INFO ] 2016.12.29-16:10:52 [futu-py-conffi][@doc-pub-host] [8089] 0 # = STOP MAIN = futu-py-conffi 
 [INFO ] 2016.12.29-16:12:54 [futu-py-conffi][@doc-pub-host] [10290] # -------------------------------------- 
 [INFO ] 2016.12.29-16:12:54 [futu-py-conffi][@doc-pub-host] [10290] # ----------------------- 
 [INFO ] 2016.12.29-16:12:54 [futu-py-conffi][@doc-pub-host] [10290] # === START MAIN === futu-py-conffi 
 [INFO ] 2016.12.29-16:12:54 [futu-py-conffi][@doc-pub-host] [10290] # ----------------------- 
 [INFO ] 2016.12.29-16:12:54 [futu-py-conffi][@doc-pub-host] [10290] # -------------------------------------- 
 [INFO ] 2016.12.29-16:12:54 [futu-py-conffi][@doc-pub-host] [10290] using the following vars: 
 [INFO ] 2016.12.29-16:12:54 [futu-py-conffi][@doc-pub-host] [10290] running action :: run-python:doRunPython 
 [INFO ] 2016.12.29-16:12:59 [futu-py-conffi][@doc-pub-host] [10290] 0 # = STOP MAIN = futu-py-conffi 
 [INFO ] 2016.12.29-16:13:25 [futu-py-conffi][@doc-pub-host] [12480] # -------------------------------------- 
 [INFO ] 2016.12.29-16:13:25 [futu-py-conffi][@doc-pub-host] [12480] # ----------------------- 
 [INFO ] 2016.12.29-16:13:25 [futu-py-conffi][@doc-pub-host] [12480] # === START MAIN === futu-py-conffi 
 [INFO ] 2016.12.29-16:13:25 [futu-py-conffi][@doc-pub-host] [12480] # ----------------------- 
 [INFO ] 2016.12.29-16:13:25 [futu-py-conffi][@doc-pub-host] [12480] # -------------------------------------- 
 [INFO ] 2016.12.29-16:13:25 [futu-py-conffi][@doc-pub-host] [12480] using the following vars: 
 [INFO ] 2016.12.29-16:13:25 [futu-py-conffi][@doc-pub-host] [12480] running action :: run-python:doRunPython 
 [INFO ] 2016.12.29-16:13:26 [futu-py-conffi][@doc-pub-host] [12480] 0 # = STOP MAIN = futu-py-conffi 
 [INFO ] 2016.12.29-16:13:36 [futu-py-conffi][@doc-pub-host] [14670] # -------------------------------------- 
 [INFO ] 2016.12.29-16:13:36 [futu-py-conffi][@doc-pub-host] [14670] # ----------------------- 
 [INFO ] 2016.12.29-16:13:36 [futu-py-conffi][@doc-pub-host] [14670] # === START MAIN === futu-py-conffi 
 [INFO ] 2016.12.29-16:13:36 [futu-py-conffi][@doc-pub-host] [14670] # ----------------------- 
 [INFO ] 2016.12.29-16:13:36 [futu-py-conffi][@doc-pub-host] [14670] # -------------------------------------- 
 [INFO ] 2016.12.29-16:13:36 [futu-py-conffi][@doc-pub-host] [14670] using the following vars: 
 [INFO ] 2016.12.29-16:13:36 [futu-py-conffi][@doc-pub-host] [14670] running action :: run-python:doRunPython 
 [INFO ] 2016.12.29-16:13:41 [futu-py-conffi][@doc-pub-host] [14670] 0 # = STOP MAIN = futu-py-conffi 
 [INFO ] 2016.12.29-16:18:53 [futu-py-conffi][@doc-pub-host] [16903] # -------------------------------------- 
 [INFO ] 2016.12.29-16:18:53 [futu-py-conffi][@doc-pub-host] [16903] # ----------------------- 
 [INFO ] 2016.12.29-16:18:54 [futu-py-conffi][@doc-pub-host] [16903] # === START MAIN === futu-py-conffi 
 [INFO ] 2016.12.29-16:18:54 [futu-py-conffi][@doc-pub-host] [16903] # ----------------------- 
 [INFO ] 2016.12.29-16:18:54 [futu-py-conffi][@doc-pub-host] [16903] # -------------------------------------- 
 [INFO ] 2016.12.29-16:18:54 [futu-py-conffi][@doc-pub-host] [16903] using the following vars: 
 [INFO ] 2016.12.29-16:18:54 [futu-py-conffi][@doc-pub-host] [16903] running action :: run-python:doRunPython 
 [INFO ] 2016.12.29-16:18:59 [futu-py-conffi][@doc-pub-host] [16903] 0 # = STOP MAIN = futu-py-conffi 
 [INFO ] 2016.12.29-16:22:05 [futu-py-conffi][@doc-pub-host] [19115] # -------------------------------------- 
 [INFO ] 2016.12.29-16:22:05 [futu-py-conffi][@doc-pub-host] [19115] # ----------------------- 
 [INFO ] 2016.12.29-16:22:05 [futu-py-conffi][@doc-pub-host] [19115] # === START MAIN === futu-py-conffi 
 [INFO ] 2016.12.29-16:22:05 [futu-py-conffi][@doc-pub-host] [19115] # ----------------------- 
 [INFO ] 2016.12.29-16:22:05 [futu-py-conffi][@doc-pub-host] [19115] # -------------------------------------- 
 [INFO ] 2016.12.29-16:22:05 [futu-py-conffi][@doc-pub-host] [19115] using the following vars: 
 [INFO ] 2016.12.29-16:22:05 [futu-py-conffi][@doc-pub-host] [19115] running action :: run-python:doRunPython 
 [INFO ] 2016.12.29-16:22:11 [futu-py-conffi][@doc-pub-host] [19115] 0 # = STOP MAIN = futu-py-conffi 
